2019-01-01	戊戌
2019-01-02	己亥
2019-01-03	庚子
2019-01-04	辛丑
2019-01-05	壬寅
2019-01-06	癸卯
2019-01-07	甲辰
2019-01-08	乙巳
2019-01-09	丙午
2019-01-10	丁未
2019-01-11	戊申
2019-01-12	己酉
2019-01-13	庚戌
2019-01-14	辛亥
2019-01-15	壬子
2019-01-16	癸丑
2019-01-17	甲寅
2019-01-18	乙卯
2019-01-19	丙辰
2019-01-20	丁巳
2019-01-21	戊午
2019-01-22	己未
2019-01-23	庚申
2019-01-24	辛酉
2019-01-25	壬戌
2019-01-26	癸亥
2019-01-27	甲子
2019-01-28	乙丑
2019-01-29	丙寅
2019-01-30	丁卯
2019-01-31	戊辰
2019-02-01	己巳
2019-02-02	庚午
2019-02-03	辛未
2019-02-04	壬申
2019-02-05	癸酉
2019-02-06	甲戌
2019-02-07	乙亥
2019-02-08	丙子
2019-02-09	丁丑
2019-02-10	戊寅
2019-02-11	己卯
2019-02-12	庚辰
2019-02-13	辛巳
2019-02-14	壬午
2019-02-15	癸未
2019-02-16	甲申
2019-02-17	乙酉
2019-02-18	丙戌
2019-02-19	丁亥
2019-02-20	戊子
2019-02-21	己丑
2019-02-22	庚寅
2019-02-23	辛卯
2019-02-24	壬辰
2019-02-25	癸巳
2019-02-26	甲午
2019-02-27	乙未
2019-02-28	丙申
2019-03-01	丁酉
2019-03-02	戊戌
2019-03-03	己亥
2019-03-04	庚子
2019-03-05	辛丑
2019-03-06	壬寅
2019-03-07	癸卯
2019-03-08	甲辰
2019-03-09	乙巳
2019-03-10	丙午
2019-03-11	丁未
2019-03-12	戊申
2019-03-13	己酉
2019-03-14	庚戌
2019-03-15	辛亥
2019-03-16	壬子
2019-03-17	癸丑
2019-03-18	甲寅
2019-03-19	乙卯
2019-03-20	丙辰
2019-03-21	丁巳
2019-03-22	戊午
2019-03-23	己未
2019-03-24	庚申
2019-03-25	辛酉
2019-03-26	壬戌
2019-03-27	癸亥
2019-03-28	甲子
2019-03-29	乙丑
2019-03-30	丙寅
2019-03-31	丁卯
2019-04-01	戊辰
2019-04-02	己巳
2019-04-03	庚午
2019-04-04	辛未
2019-04-05	壬申
2019-04-06	癸酉
2019-04-07	甲戌
2019-04-08	乙亥
2019-04-09	丙子
2019-04-10	丁丑
2019-04-11	戊寅
2019-04-12	己卯
2019-04-13	庚辰
2019-04-14	辛巳
2019-04-15	壬午
2019-04-16	癸未
2019-04-17	甲申
2019-04-18	乙酉
2019-04-19	丙戌
2019-04-20	丁亥
2019-04-21	戊子
2019-04-22	己丑
2019-04-23	庚寅
2019-04-24	辛卯
2019-04-25	壬辰
2019-04-26	癸巳
2019-04-27	甲午
2019-04-28	乙未
2019-04-29	丙申
2019-04-30	丁酉
2019-05-01	戊戌
2019-05-02	己亥
2019-05-03	庚子
2019-05-04	辛丑
2019-05-05	壬寅
2019-05-06	癸卯
2019-05-07	甲辰
2019-05-08	乙巳
2019-05-09	丙午
2019-05-10	丁未
2019-05-11	戊申
2019-05-12	己酉
2019-05-13	庚戌
2019-05-14	辛亥
2019-05-15	壬子
2019-05-16	癸丑
2019-05-17	甲寅
2019-05-18	乙卯
2019-05-19	丙辰
2019-05-20	丁巳
2019-05-21	戊午
2019-05-22	己未
2019-05-23	庚申
2019-05-24	辛酉
2019-05-25	壬戌
2019-05-26	癸亥
2019-05-27	甲子
2019-05-28	乙丑
2019-05-29	丙寅
2019-05-30	丁卯
2019-05-31	戊辰
2019-06-01	己巳
2019-06-02	庚午
2019-06-03	辛未
2019-06-04	壬申
2019-06-05	癸酉
2019-06-06	甲戌
2019-06-07	乙亥
2019-06-08	丙子
2019-06-09	丁丑
2019-06-10	戊寅
2019-06-11	己卯
2019-06-12	庚辰
2019-06-13	辛巳
2019-06-14	壬午
2019-06-15	癸未
2019-06-16	甲申
2019-06-17	乙酉
2019-06-18	丙戌
2019-06-19	丁亥
2019-06-20	戊子
2019-06-21	己丑
2019-06-22	庚寅
2019-06-23	辛卯
2019-06-24	壬辰
2019-06-25	癸巳
2019-06-26	甲午
2019-06-27	乙未
2019-06-28	丙申
2019-06-29	丁酉
2019-06-30	戊戌
2019-07-01	己亥
2019-07-02	庚子
2019-07-03	辛丑
2019-07-04	壬寅
2019-07-05	癸卯
2019-07-06	甲辰
2019-07-07	乙巳
2019-07-08	丙午
2019-07-09	丁未
2019-07-10	戊申
2019-07-11	己酉
2019-07-12	庚戌
2019-07-13	辛亥
2019-07-14	壬子
2019-07-15	癸丑
2019-07-16	甲寅
2019-07-17	乙卯
2019-07-18	丙辰
2019-07-19	丁巳
2019-07-20	戊午
2019-07-21	己未
2019-07-22	庚申
2019-07-23	辛酉
2019-07-24	壬戌
2019-07-25	癸亥
2019-07-26	甲子
2019-07-27	乙丑
2019-07-28	丙寅
2019-07-29	丁卯
2019-07-30	戊辰
2019-07-31	己巳
2019-08-01	庚午
2019-08-02	辛未
2019-08-03	壬申
2019-08-04	癸酉
2019-08-05	甲戌
2019-08-06	乙亥
2019-08-07	丙子
2019-08-08	丁丑
2019-08-09	戊寅
2019-08-10	己卯
2019-08-11	庚辰
2019-08-12	辛巳
2019-08-13	壬午
2019-08-14	癸未
2019-08-15	甲申
2019-08-16	乙酉
2019-08-17	丙戌
2019-08-18	丁亥
2019-08-19	戊子
2019-08-20	己丑
2019-08-21	庚寅
2019-08-22	辛卯
2019-08-23	壬辰
2019-08-24	癸巳
2019-08-25	甲午
2019-08-26	乙未
2019-08-27	丙申
2019-08-28	丁酉
2019-08-29	戊戌
2019-08-30	己亥
2019-08-31	庚子
2019-09-01	辛丑
2019-09-02	壬寅
2019-09-03	癸卯
2019-09-04	甲辰
2019-09-05	乙巳
2019-09-06	丙午
2019-09-07	丁未
2019-09-08	戊申
2019-09-09	己酉
2019-09-10	庚戌
2019-09-11	辛亥
2019-09-12	壬子
2019-09-13	癸丑
2019-09-14	甲寅
2019-09-15	乙卯
2019-09-16	丙辰
2019-09-17	丁巳
2019-09-18	戊午
2019-09-19	己未
2019-09-20	庚申
2019-09-21	辛酉
2019-09-22	壬戌
2019-09-23	癸亥
2019-09-24	甲子
2019-09-25	乙丑
2019-09-26	丙寅
2019-09-27	丁卯
2019-09-28	戊辰
2019-09-29	己巳
2019-09-30	庚午
2019-10-01	辛未
2019-10-02	壬申
2019-10-03	癸酉
2019-10-04	甲戌
2019-10-05	乙亥
2019-10-06	丙子
2019-10-07	丁丑
2019-10-08	戊寅
2019-10-09	己卯
2019-10-10	庚辰
2019-10-11	辛巳
2019-10-12	壬午
2019-10-13	癸未
2019-10-14	甲申
2019-10-15	乙酉
2019-10-16	丙戌
2019-10-17	丁亥
2019-10-18	戊子
2019-10-19	己丑
2019-10-20	庚寅
2019-10-21	辛卯
2019-10-22	壬辰
2019-10-23	癸巳
2019-10-24	甲午
2019-10-25	乙未
2019-10-26	丙申
2019-10-27	丁酉
2019-10-28	戊戌
2019-10-29	己亥
2019-10-30	庚子
2019-10-31	辛丑
2019-11-01	壬寅
2019-11-02	癸卯
2019-11-03	甲辰
2019-11-04	乙巳
2019-11-05	丙午
2019-11-06	丁未
2019-11-07	戊申
2019-11-08	己酉
2019-11-09	庚戌
2019-11-10	辛亥
2019-11-11	壬子
2019-11-12	癸丑
2019-11-13	甲寅
2019-11-14	乙卯
2019-11-15	丙辰
2019-11-16	丁巳
2019-11-17	戊午
2019-11-18	己未
2019-11-19	庚申
2019-11-20	辛酉
2019-11-21	壬戌
2019-11-22	癸亥
2019-11-23	甲子
2019-11-24	乙丑
2019-11-25	丙寅
2019-11-26	丁卯
2019-11-27	戊辰
2019-11-28	己巳
2019-11-29	庚午
2019-11-30	辛未
2019-12-01	壬申
2019-12-02	癸酉
2019-12-03	甲戌
2019-12-04	乙亥
2019-12-05	丙子
2019-12-06	丁丑
2019-12-07	戊寅
2019-12-08	己卯
2019-12-09	庚辰
2019-12-10	辛巳
2019-12-11	壬午
2019-12-12	癸未
2019-12-13	甲申
2019-12-14	乙酉
2019-12-15	丙戌
2019-12-16	丁亥
2019-12-17	戊子
2019-12-18	己丑
2019-12-19	庚寅
2019-12-20	辛卯
2019-12-21	壬辰
2019-12-22	癸巳
2019-12-23	甲午
2019-12-24	乙未
2019-12-25	丙申
2019-12-26	丁酉
2019-12-27	戊戌
2019-12-28	己亥
2019-12-29	庚子
2019-12-30	辛丑
2019-12-31	壬寅
