2020-01-01	癸卯
2020-01-02	甲辰
2020-01-03	乙巳
2020-01-04	丙午
2020-01-05	丁未
2020-01-06	戊申
2020-01-07	己酉
2020-01-08	庚戌
2020-01-09	辛亥
2020-01-10	壬子
2020-01-11	癸丑
2020-01-12	甲寅
2020-01-13	乙卯
2020-01-14	丙辰
2020-01-15	丁巳
2020-01-16	戊午
2020-01-17	己未
2020-01-18	庚申
2020-01-19	辛酉
2020-01-20	壬戌
2020-01-21	癸亥
2020-01-22	甲子
2020-01-23	乙丑
2020-01-24	丙寅
2020-01-25	丁卯
2020-01-26	戊辰
2020-01-27	己巳
2020-01-28	庚午
2020-01-29	辛未
2020-01-30	壬申
2020-01-31	癸酉
2020-02-01	甲戌
2020-02-02	乙亥
2020-02-03	丙子
2020-02-04	丁丑
2020-02-05	戊寅
2020-02-06	己卯
2020-02-07	庚辰
2020-02-08	辛巳
2020-02-09	壬午
2020-02-10	癸未
2020-02-11	甲申
2020-02-12	乙酉
2020-02-13	丙戌
2020-02-14	丁亥
2020-02-15	戊子
2020-02-16	己丑
2020-02-17	庚寅
2020-02-18	辛卯
2020-02-19	壬辰
2020-02-20	癸巳
2020-02-21	甲午
2020-02-22	乙未
2020-02-23	丙申
2020-02-24	丁酉
2020-02-25	戊戌
2020-02-26	己亥
2020-02-27	庚子
2020-02-28	辛丑
2020-02-29	壬寅
2020-03-01	癸卯
2020-03-02	甲辰
2020-03-03	乙巳
2020-03-04	丙午
2020-03-05	丁未
2020-03-06	戊申
2020-03-07	己酉
2020-03-08	庚戌
2020-03-09	辛亥
2020-03-10	壬子
2020-03-11	癸丑
2020-03-12	甲寅
2020-03-13	乙卯
2020-03-14	丙辰
2020-03-15	丁巳
2020-03-16	戊午
2020-03-17	己未
2020-03-18	庚申
2020-03-19	辛酉
2020-03-20	壬戌
2020-03-21	癸亥
2020-03-22	甲子
2020-03-23	乙丑
2020-03-24	丙寅
2020-03-25	丁卯
2020-03-26	戊辰
2020-03-27	己巳
2020-03-28	庚午
2020-03-29	辛未
2020-03-30	壬申
2020-03-31	癸酉
2020-04-01	甲戌
2020-04-02	乙亥
2020-04-03	丙子
2020-04-04	丁丑
2020-04-05	戊寅
2020-04-06	己卯
2020-04-07	庚辰
2020-04-08	辛巳
2020-04-09	壬午
2020-04-10	癸未
2020-04-11	甲申
2020-04-12	乙酉
2020-04-13	丙戌
2020-04-14	丁亥
2020-04-15	戊子
2020-04-16	己丑
2020-04-17	庚寅
2020-04-18	辛卯
2020-04-19	壬辰
2020-04-20	癸巳
2020-04-21	甲午
2020-04-22	乙未
2020-04-23	丙申
2020-04-24	丁酉
2020-04-25	戊戌
2020-04-26	己亥
2020-04-27	庚子
2020-04-28	辛丑
2020-04-29	壬寅
2020-04-30	癸卯
2020-05-01	甲辰
2020-05-02	乙巳
2020-05-03	丙午
2020-05-04	丁未
2020-05-05	戊申
2020-05-06	己酉
2020-05-07	庚戌
2020-05-08	辛亥
2020-05-09	壬子
2020-05-10	癸丑
2020-05-11	甲寅
2020-05-12	乙卯
2020-05-13	丙辰
2020-05-14	丁巳
2020-05-15	戊午
2020-05-16	己未
2020-05-17	庚申
2020-05-18	辛酉
2020-05-19	壬戌
2020-05-20	癸亥
2020-05-21	甲子
2020-05-22	乙丑
2020-05-23	丙寅
2020-05-24	丁卯
2020-05-25	戊辰
2020-05-26	己巳
2020-05-27	庚午
2020-05-28	辛未
2020-05-29	壬申
2020-05-30	癸酉
2020-05-31	甲戌
2020-06-01	乙亥
2020-06-02	丙子
2020-06-03	丁丑
2020-06-04	戊寅
2020-06-05	己卯
2020-06-06	庚辰
2020-06-07	辛巳
2020-06-08	壬午
2020-06-09	癸未
2020-06-10	甲申
2020-06-11	乙酉
2020-06-12	丙戌
2020-06-13	丁亥
2020-06-14	戊子
2020-06-15	己丑
2020-06-16	庚寅
2020-06-17	辛卯
2020-06-18	壬辰
2020-06-19	癸巳
2020-06-20	甲午
2020-06-21	乙未
2020-06-22	丙申
2020-06-23	丁酉
2020-06-24	戊戌
2020-06-25	己亥
2020-06-26	庚子
2020-06-27	辛丑
2020-06-28	壬寅
2020-06-29	癸卯
2020-06-30	甲辰
2020-07-01	乙巳
2020-07-02	丙午
2020-07-03	丁未
2020-07-04	戊申
2020-07-05	己酉
2020-07-06	庚戌
2020-07-07	辛亥
2020-07-08	壬子
2020-07-09	癸丑
2020-07-10	甲寅
2020-07-11	乙卯
2020-07-12	丙辰
2020-07-13	丁巳
2020-07-14	戊午
2020-07-15	己未
2020-07-16	庚申
2020-07-17	辛酉
2020-07-18	壬戌
2020-07-19	癸亥
2020-07-20	甲子
2020-07-21	乙丑
2020-07-22	丙寅
2020-07-23	丁卯
2020-07-24	戊辰
2020-07-25	己巳
2020-07-26	庚午
2020-07-27	辛未
2020-07-28	壬申
2020-07-29	癸酉
2020-07-30	甲戌
2020-07-31	乙亥
2020-08-01	丙子
2020-08-02	丁丑
2020-08-03	戊寅
2020-08-04	己卯
2020-08-05	庚辰
2020-08-06	辛巳
2020-08-07	壬午
2020-08-08	癸未
2020-08-09	甲申
2020-08-10	乙酉
2020-08-11	丙戌
2020-08-12	丁亥
2020-08-13	戊子
2020-08-14	己丑
2020-08-15	庚寅
2020-08-16	辛卯
2020-08-17	壬辰
2020-08-18	癸巳
2020-08-19	甲午
2020-08-20	乙未
2020-08-21	丙申
2020-08-22	丁酉
2020-08-23	戊戌
2020-08-24	己亥
2020-08-25	庚子
2020-08-26	辛丑
2020-08-27	壬寅
2020-08-28	癸卯
2020-08-29	甲辰
2020-08-30	乙巳
2020-08-31	丙午
2020-09-01	丁未
2020-09-02	戊申
2020-09-03	己酉
2020-09-04	庚戌
2020-09-05	辛亥
2020-09-06	壬子
2020-09-07	癸丑
2020-09-08	甲寅
2020-09-09	乙卯
2020-09-10	丙辰
2020-09-11	丁巳
2020-09-12	戊午
2020-09-13	己未
2020-09-14	庚申
2020-09-15	辛酉
2020-09-16	壬戌
2020-09-17	癸亥
2020-09-18	甲子
2020-09-19	乙丑
2020-09-20	丙寅
2020-09-21	丁卯
2020-09-22	戊辰
2020-09-23	己巳
2020-09-24	庚午
2020-09-25	辛未
2020-09-26	壬申
2020-09-27	癸酉
2020-09-28	甲戌
2020-09-29	乙亥
2020-09-30	丙子
2020-10-01	丁丑
2020-10-02	戊寅
2020-10-03	己卯
2020-10-04	庚辰
2020-10-05	辛巳
2020-10-06	壬午
2020-10-07	癸未
2020-10-08	甲申
2020-10-09	乙酉
2020-10-10	丙戌
2020-10-11	丁亥
2020-10-12	戊子
2020-10-13	己丑
2020-10-14	庚寅
2020-10-15	辛卯
2020-10-16	壬辰
2020-10-17	癸巳
2020-10-18	甲午
2020-10-19	乙未
2020-10-20	丙申
2020-10-21	丁酉
2020-10-22	戊戌
2020-10-23	己亥
2020-10-24	庚子
2020-10-25	辛丑
2020-10-26	壬寅
2020-10-27	癸卯
2020-10-28	甲辰
2020-10-29	乙巳
2020-10-30	丙午
2020-10-31	丁未
2020-11-01	戊申
2020-11-02	己酉
2020-11-03	庚戌
2020-11-04	辛亥
2020-11-05	壬子
2020-11-06	癸丑
2020-11-07	甲寅
2020-11-08	乙卯
2020-11-09	丙辰
2020-11-10	丁巳
2020-11-11	戊午
2020-11-12	己未
2020-11-13	庚申
2020-11-14	辛酉
2020-11-15	壬戌
2020-11-16	癸亥
2020-11-17	甲子
2020-11-18	乙丑
2020-11-19	丙寅
2020-11-20	丁卯
2020-11-21	戊辰
2020-11-22	己巳
2020-11-23	庚午
2020-11-24	辛未
2020-11-25	壬申
2020-11-26	癸酉
2020-11-27	甲戌
2020-11-28	乙亥
2020-11-29	丙子
2020-11-30	丁丑
2020-12-01	戊寅
2020-12-02	己卯
2020-12-03	庚辰
2020-12-04	辛巳
2020-12-05	壬午
2020-12-06	癸未
2020-12-07	甲申
2020-12-08	乙酉
2020-12-09	丙戌
2020-12-10	丁亥
2020-12-11	戊子
2020-12-12	己丑
2020-12-13	庚寅
2020-12-14	辛卯
2020-12-15	壬辰
2020-12-16	癸巳
2020-12-17	甲午
2020-12-18	乙未
2020-12-19	丙申
2020-12-20	丁酉
2020-12-21	戊戌
2020-12-22	己亥
2020-12-23	庚子
2020-12-24	辛丑
2020-12-25	壬寅
2020-12-26	癸卯
2020-12-27	甲辰
2020-12-28	乙巳
2020-12-29	丙午
2020-12-30	丁未
2020-12-31	戊申
