2021-01-01	己酉
2021-01-02	庚戌
2021-01-03	辛亥
2021-01-04	壬子
2021-01-05	癸丑
2021-01-06	甲寅
2021-01-07	乙卯
2021-01-08	丙辰
2021-01-09	丁巳
2021-01-10	戊午
2021-01-11	己未
2021-01-12	庚申
2021-01-13	辛酉
2021-01-14	壬戌
2021-01-15	癸亥
2021-01-16	甲子
2021-01-17	乙丑
2021-01-18	丙寅
2021-01-19	丁卯
2021-01-20	戊辰
2021-01-21	己巳
2021-01-22	庚午
2021-01-23	辛未
2021-01-24	壬申
2021-01-25	癸酉
2021-01-26	甲戌
2021-01-27	乙亥
2021-01-28	丙子
2021-01-29	丁丑
2021-01-30	戊寅
2021-01-31	己卯
2021-02-01	庚辰
2021-02-02	辛巳
2021-02-03	壬午
2021-02-04	癸未
2021-02-05	甲申
2021-02-06	乙酉
2021-02-07	丙戌
2021-02-08	丁亥
2021-02-09	戊子
2021-02-10	己丑
2021-02-11	庚寅
2021-02-12	辛卯
2021-02-13	壬辰
2021-02-14	癸巳
2021-02-15	甲午
2021-02-16	乙未
2021-02-17	丙申
2021-02-18	丁酉
2021-02-19	戊戌
2021-02-20	己亥
2021-02-21	庚子
2021-02-22	辛丑
2021-02-23	壬寅
2021-02-24	癸卯
2021-02-25	甲辰
2021-02-26	乙巳
2021-02-27	丙午
2021-02-28	丁未
2021-03-01	戊申
2021-03-02	己酉
2021-03-03	庚戌
2021-03-04	辛亥
2021-03-05	壬子
2021-03-06	癸丑
2021-03-07	甲寅
2021-03-08	乙卯
2021-03-09	丙辰
2021-03-10	丁巳
2021-03-11	戊午
2021-03-12	己未
2021-03-13	庚申
2021-03-14	辛酉
2021-03-15	壬戌
2021-03-16	癸亥
2021-03-17	甲子
2021-03-18	乙丑
2021-03-19	丙寅
2021-03-20	丁卯
2021-03-21	戊辰
2021-03-22	己巳
2021-03-23	庚午
2021-03-24	辛未
2021-03-25	壬申
2021-03-26	癸酉
2021-03-27	甲戌
2021-03-28	乙亥
2021-03-29	丙子
2021-03-30	丁丑
2021-03-31	戊寅
2021-04-01	己卯
2021-04-02	庚辰
2021-04-03	辛巳
2021-04-04	壬午
2021-04-05	癸未
2021-04-06	甲申
2021-04-07	乙酉
2021-04-08	丙戌
2021-04-09	丁亥
2021-04-10	戊子
2021-04-11	己丑
2021-04-12	庚寅
2021-04-13	辛卯
2021-04-14	壬辰
2021-04-15	癸巳
2021-04-16	甲午
2021-04-17	乙未
2021-04-18	丙申
2021-04-19	丁酉
2021-04-20	戊戌
2021-04-21	己亥
2021-04-22	庚子
2021-04-23	辛丑
2021-04-24	壬寅
2021-04-25	癸卯
2021-04-26	甲辰
2021-04-27	乙巳
2021-04-28	丙午
2021-04-29	丁未
2021-04-30	戊申
2021-05-01	己酉
2021-05-02	庚戌
2021-05-03	辛亥
2021-05-04	壬子
2021-05-05	癸丑
2021-05-06	甲寅
2021-05-07	乙卯
2021-05-08	丙辰
2021-05-09	丁巳
2021-05-10	戊午
2021-05-11	己未
2021-05-12	庚申
2021-05-13	辛酉
2021-05-14	壬戌
2021-05-15	癸亥
2021-05-16	甲子
2021-05-17	乙丑
2021-05-18	丙寅
2021-05-19	丁卯
2021-05-20	戊辰
2021-05-21	己巳
2021-05-22	庚午
2021-05-23	辛未
2021-05-24	壬申
2021-05-25	癸酉
2021-05-26	甲戌
2021-05-27	乙亥
2021-05-28	丙子
2021-05-29	丁丑
2021-05-30	戊寅
2021-05-31	己卯
2021-06-01	庚辰
2021-06-02	辛巳
2021-06-03	壬午
2021-06-04	癸未
2021-06-05	甲申
2021-06-06	乙酉
2021-06-07	丙戌
2021-06-08	丁亥
2021-06-09	戊子
2021-06-10	己丑
2021-06-11	庚寅
2021-06-12	辛卯
2021-06-13	壬辰
2021-06-14	癸巳
2021-06-15	甲午
2021-06-16	乙未
2021-06-17	丙申
2021-06-18	丁酉
2021-06-19	戊戌
2021-06-20	己亥
2021-06-21	庚子
2021-06-22	辛丑
2021-06-23	壬寅
2021-06-24	癸卯
2021-06-25	甲辰
2021-06-26	乙巳
2021-06-27	丙午
2021-06-28	丁未
2021-06-29	戊申
2021-06-30	己酉
2021-07-01	庚戌
2021-07-02	辛亥
2021-07-03	壬子
2021-07-04	癸丑
2021-07-05	甲寅
2021-07-06	乙卯
2021-07-07	丙辰
2021-07-08	丁巳
2021-07-09	戊午
2021-07-10	己未
2021-07-11	庚申
2021-07-12	辛酉
2021-07-13	壬戌
2021-07-14	癸亥
2021-07-15	甲子
2021-07-16	乙丑
2021-07-17	丙寅
2021-07-18	丁卯
2021-07-19	戊辰
2021-07-20	己巳
2021-07-21	庚午
2021-07-22	辛未
2021-07-23	壬申
2021-07-24	癸酉
2021-07-25	甲戌
2021-07-26	乙亥
2021-07-27	丙子
2021-07-28	丁丑
2021-07-29	戊寅
2021-07-30	己卯
2021-07-31	庚辰
2021-08-01	辛巳
2021-08-02	壬午
2021-08-03	癸未
2021-08-04	甲申
2021-08-05	乙酉
2021-08-06	丙戌
2021-08-07	丁亥
2021-08-08	戊子
2021-08-09	己丑
2021-08-10	庚寅
2021-08-11	辛卯
2021-08-12	壬辰
2021-08-13	癸巳
2021-08-14	甲午
2021-08-15	乙未
2021-08-16	丙申
2021-08-17	丁酉
2021-08-18	戊戌
2021-08-19	己亥
2021-08-20	庚子
2021-08-21	辛丑
2021-08-22	壬寅
2021-08-23	癸卯
2021-08-24	甲辰
2021-08-25	乙巳
2021-08-26	丙午
2021-08-27	丁未
2021-08-28	戊申
2021-08-29	己酉
2021-08-30	庚戌
2021-08-31	辛亥
2021-09-01	壬子
2021-09-02	癸丑
2021-09-03	甲寅
2021-09-04	乙卯
2021-09-05	丙辰
2021-09-06	丁巳
2021-09-07	戊午
2021-09-08	己未
2021-09-09	庚申
2021-09-10	辛酉
2021-09-11	壬戌
2021-09-12	癸亥
2021-09-13	甲子
2021-09-14	乙丑
2021-09-15	丙寅
2021-09-16	丁卯
2021-09-17	戊辰
2021-09-18	己巳
2021-09-19	庚午
2021-09-20	辛未
2021-09-21	壬申
2021-09-22	癸酉
2021-09-23	甲戌
2021-09-24	乙亥
2021-09-25	丙子
2021-09-26	丁丑
2021-09-27	戊寅
2021-09-28	己卯
2021-09-29	庚辰
2021-09-30	辛巳
2021-10-01	壬午
2021-10-02	癸未
2021-10-03	甲申
2021-10-04	乙酉
2021-10-05	丙戌
2021-10-06	丁亥
2021-10-07	戊子
2021-10-08	己丑
2021-10-09	庚寅
2021-10-10	辛卯
2021-10-11	壬辰
2021-10-12	癸巳
2021-10-13	甲午
2021-10-14	乙未
2021-10-15	丙申
2021-10-16	丁酉
2021-10-17	戊戌
2021-10-18	己亥
2021-10-19	庚子
2021-10-20	辛丑
2021-10-21	壬寅
2021-10-22	癸卯
2021-10-23	甲辰
2021-10-24	乙巳
2021-10-25	丙午
2021-10-26	丁未
2021-10-27	戊申
2021-10-28	己酉
2021-10-29	庚戌
2021-10-30	辛亥
2021-10-31	壬子
2021-11-01	癸丑
2021-11-02	甲寅
2021-11-03	乙卯
2021-11-04	丙辰
2021-11-05	丁巳
2021-11-06	戊午
2021-11-07	己未
2021-11-08	庚申
2021-11-09	辛酉
2021-11-10	壬戌
2021-11-11	癸亥
2021-11-12	甲子
2021-11-13	乙丑
2021-11-14	丙寅
2021-11-15	丁卯
2021-11-16	戊辰
2021-11-17	己巳
2021-11-18	庚午
2021-11-19	辛未
2021-11-20	壬申
2021-11-21	癸酉
2021-11-22	甲戌
2021-11-23	乙亥
2021-11-24	丙子
2021-11-25	丁丑
2021-11-26	戊寅
2021-11-27	己卯
2021-11-28	庚辰
2021-11-29	辛巳
2021-11-30	壬午
2021-12-01	癸未
2021-12-02	甲申
2021-12-03	乙酉
2021-12-04	丙戌
2021-12-05	丁亥
2021-12-06	戊子
2021-12-07	己丑
2021-12-08	庚寅
2021-12-09	辛卯
2021-12-10	壬辰
2021-12-11	癸巳
2021-12-12	甲午
2021-12-13	乙未
2021-12-14	丙申
2021-12-15	丁酉
2021-12-16	戊戌
2021-12-17	己亥
2021-12-18	庚子
2021-12-19	辛丑
2021-12-20	壬寅
2021-12-21	癸卯
2021-12-22	甲辰
2021-12-23	乙巳
2021-12-24	丙午
2021-12-25	丁未
2021-12-26	戊申
2021-12-27	己酉
2021-12-28	庚戌
2021-12-29	辛亥
2021-12-30	壬子
2021-12-31	癸丑
