2020-01-01	3	癸卯
2020-01-02	4	甲辰
2020-01-03	5	乙巳
2020-01-04	6	丙午
2020-01-05	0	丁未
2020-01-06	1	戊申
2020-01-07	2	己酉
2020-01-08	3	庚戌
2020-01-09	4	辛亥
2020-01-10	5	壬子
2020-01-11	6	癸丑
2020-01-12	0	甲寅
2020-01-13	1	乙卯
2020-01-14	2	丙辰
2020-01-15	3	丁巳
2020-01-16	4	戊午
2020-01-17	5	己未
2020-01-18	6	庚申
2020-01-19	0	辛酉
2020-01-20	1	壬戌
2020-01-21	2	癸亥
2020-01-22	3	甲子
2020-01-23	4	乙丑
2020-01-24	5	丙寅
2020-01-25	6	丁卯
2020-01-26	0	戊辰
2020-01-27	1	己巳
2020-01-28	2	庚午
2020-01-29	3	辛未
2020-01-30	4	壬申
2020-01-31	5	癸酉
2020-02-01	6	甲戌
2020-02-02	0	乙亥
2020-02-03	1	丙子
2020-02-04	2	丁丑
2020-02-05	3	戊寅
2020-02-06	4	己卯
2020-02-07	5	庚辰
2020-02-08	6	辛巳
2020-02-09	0	壬午
2020-02-10	1	癸未
2020-02-11	2	甲申
2020-02-12	3	乙酉
2020-02-13	4	丙戌
2020-02-14	5	丁亥
2020-02-15	6	戊子
2020-02-16	0	己丑
2020-02-17	1	庚寅
2020-02-18	2	辛卯
2020-02-19	3	壬辰
2020-02-20	4	癸巳
2020-02-21	5	甲午
2020-02-22	6	乙未
2020-02-23	0	丙申
2020-02-24	1	丁酉
2020-02-25	2	戊戌
2020-02-26	3	己亥
2020-02-27	4	庚子
2020-02-28	5	辛丑
2020-02-29	6	壬寅
2020-03-01	0	癸卯
2020-03-02	1	甲辰
2020-03-03	2	乙巳
2020-03-04	3	丙午
2020-03-05	4	丁未
2020-03-06	5	戊申
2020-03-07	6	己酉
2020-03-08	0	庚戌
2020-03-09	1	辛亥
2020-03-10	2	壬子
2020-03-11	3	癸丑
2020-03-12	4	甲寅
2020-03-13	5	乙卯
2020-03-14	6	丙辰
2020-03-15	0	丁巳
2020-03-16	1	戊午
2020-03-17	2	己未
2020-03-18	3	庚申
2020-03-19	4	辛酉
2020-03-20	5	壬戌
2020-03-21	6	癸亥
2020-03-22	0	甲子
2020-03-23	1	乙丑
2020-03-24	2	丙寅
2020-03-25	3	丁卯
2020-03-26	4	戊辰
2020-03-27	5	己巳
2020-03-28	6	庚午
2020-03-29	0	辛未
2020-03-30	1	壬申
2020-03-31	2	癸酉
2020-04-01	3	甲戌
2020-04-02	4	乙亥
2020-04-03	5	丙子
2020-04-04	6	丁丑
2020-04-05	0	戊寅
2020-04-06	1	己卯
2020-04-07	2	庚辰
2020-04-08	3	辛巳
2020-04-09	4	壬午
2020-04-10	5	癸未
2020-04-11	6	甲申
2020-04-12	0	乙酉
2020-04-13	1	丙戌
2020-04-14	2	丁亥
2020-04-15	3	戊子
2020-04-16	4	己丑
2020-04-17	5	庚寅
2020-04-18	6	辛卯
2020-04-19	0	壬辰
2020-04-20	1	癸巳
2020-04-21	2	甲午
2020-04-22	3	乙未
2020-04-23	4	丙申
2020-04-24	5	丁酉
2020-04-25	6	戊戌
2020-04-26	0	己亥
2020-04-27	1	庚子
2020-04-28	2	辛丑
2020-04-29	3	壬寅
2020-04-30	4	癸卯
2020-05-01	5	甲辰
2020-05-02	6	乙巳
2020-05-03	0	丙午
2020-05-04	1	丁未
2020-05-05	2	戊申
2020-05-06	3	己酉
2020-05-07	4	庚戌
2020-05-08	5	辛亥
2020-05-09	6	壬子
2020-05-10	0	癸丑
2020-05-11	1	甲寅
2020-05-12	2	乙卯
2020-05-13	3	丙辰
2020-05-14	4	丁巳
2020-05-15	5	戊午
2020-05-16	6	己未
2020-05-17	0	庚申
2020-05-18	1	辛酉
2020-05-19	2	壬戌
2020-05-20	3	癸亥
2020-05-21	4	甲子
2020-05-22	5	乙丑
2020-05-23	6	丙寅
2020-05-24	0	丁卯
2020-05-25	1	戊辰
2020-05-26	2	己巳
2020-05-27	3	庚午
2020-05-28	4	辛未
2020-05-29	5	壬申
2020-05-30	6	癸酉
2020-05-31	0	甲戌
2020-06-01	1	乙亥
2020-06-02	2	丙子
2020-06-03	3	丁丑
2020-06-04	4	戊寅
2020-06-05	5	己卯
2020-06-06	6	庚辰
2020-06-07	0	辛巳
2020-06-08	1	壬午
2020-06-09	2	癸未
2020-06-10	3	甲申
2020-06-11	4	乙酉
2020-06-12	5	丙戌
2020-06-13	6	丁亥
2020-06-14	0	戊子
2020-06-15	1	己丑
2020-06-16	2	庚寅
2020-06-17	3	辛卯
2020-06-18	4	壬辰
2020-06-19	5	癸巳
2020-06-20	6	甲午
2020-06-21	0	乙未
2020-06-22	1	丙申
2020-06-23	2	丁酉
2020-06-24	3	戊戌
2020-06-25	4	己亥
2020-06-26	5	庚子
2020-06-27	6	辛丑
2020-06-28	0	壬寅
2020-06-29	1	癸卯
2020-06-30	2	甲辰
2020-07-01	3	乙巳
2020-07-02	4	丙午
2020-07-03	5	丁未
2020-07-04	6	戊申
2020-07-05	0	己酉
2020-07-06	1	庚戌
2020-07-07	2	辛亥
2020-07-08	3	壬子
2020-07-09	4	癸丑
2020-07-10	5	甲寅
2020-07-11	6	乙卯
2020-07-12	0	丙辰
2020-07-13	1	丁巳
2020-07-14	2	戊午
2020-07-15	3	己未
2020-07-16	4	庚申
2020-07-17	5	辛酉
2020-07-18	6	壬戌
2020-07-19	0	癸亥
2020-07-20	1	甲子
2020-07-21	2	乙丑
2020-07-22	3	丙寅
2020-07-23	4	丁卯
2020-07-24	5	戊辰
2020-07-25	6	己巳
2020-07-26	0	庚午
2020-07-27	1	辛未
2020-07-28	2	壬申
2020-07-29	3	癸酉
2020-07-30	4	甲戌
2020-07-31	5	乙亥
2020-08-01	6	丙子
2020-08-02	0	丁丑
2020-08-03	1	戊寅
2020-08-04	2	己卯
2020-08-05	3	庚辰
2020-08-06	4	辛巳
2020-08-07	5	壬午
2020-08-08	6	癸未
2020-08-09	0	甲申
2020-08-10	1	乙酉
2020-08-11	2	丙戌
2020-08-12	3	丁亥
2020-08-13	4	戊子
2020-08-14	5	己丑
2020-08-15	6	庚寅
2020-08-16	0	辛卯
2020-08-17	1	壬辰
2020-08-18	2	癸巳
2020-08-19	3	甲午
2020-08-20	4	乙未
2020-08-21	5	丙申
2020-08-22	6	丁酉
2020-08-23	0	戊戌
2020-08-24	1	己亥
2020-08-25	2	庚子
2020-08-26	3	辛丑
2020-08-27	4	壬寅
2020-08-28	5	癸卯
2020-08-29	6	甲辰
2020-08-30	0	乙巳
2020-08-31	1	丙午
2020-09-01	2	丁未
2020-09-02	3	戊申
2020-09-03	4	己酉
2020-09-04	5	庚戌
2020-09-05	6	辛亥
2020-09-06	0	壬子
2020-09-07	1	癸丑
2020-09-08	2	甲寅
2020-09-09	3	乙卯
2020-09-10	4	丙辰
2020-09-11	5	丁巳
2020-09-12	6	戊午
2020-09-13	0	己未
2020-09-14	1	庚申
2020-09-15	2	辛酉
2020-09-16	3	壬戌
2020-09-17	4	癸亥
2020-09-18	5	甲子
2020-09-19	6	乙丑
2020-09-20	0	丙寅
2020-09-21	1	丁卯
2020-09-22	2	戊辰
2020-09-23	3	己巳
2020-09-24	4	庚午
2020-09-25	5	辛未
2020-09-26	6	壬申
2020-09-27	0	癸酉
2020-09-28	1	甲戌
2020-09-29	2	乙亥
2020-09-30	3	丙子
2020-10-01	4	丁丑
2020-10-02	5	戊寅
2020-10-03	6	己卯
2020-10-04	0	庚辰
2020-10-05	1	辛巳
2020-10-06	2	壬午
2020-10-07	3	癸未
2020-10-08	4	甲申
2020-10-09	5	乙酉
2020-10-10	6	丙戌
2020-10-11	0	丁亥
2020-10-12	1	戊子
2020-10-13	2	己丑
2020-10-14	3	庚寅
2020-10-15	4	辛卯
2020-10-16	5	壬辰
2020-10-17	6	癸巳
2020-10-18	0	甲午
2020-10-19	1	乙未
2020-10-20	2	丙申
2020-10-21	3	丁酉
2020-10-22	4	戊戌
2020-10-23	5	己亥
2020-10-24	6	庚子
2020-10-25	0	辛丑
2020-10-26	1	壬寅
2020-10-27	2	癸卯
2020-10-28	3	甲辰
2020-10-29	4	乙巳
2020-10-30	5	丙午
2020-10-31	6	丁未
2020-11-01	0	戊申
2020-11-02	1	己酉
2020-11-03	2	庚戌
2020-11-04	3	辛亥
2020-11-05	4	壬子
2020-11-06	5	癸丑
2020-11-07	6	甲寅
2020-11-08	0	乙卯
2020-11-09	1	丙辰
2020-11-10	2	丁巳
2020-11-11	3	戊午
2020-11-12	4	己未
2020-11-13	5	庚申
2020-11-14	6	辛酉
2020-11-15	0	壬戌
2020-11-16	1	癸亥
2020-11-17	2	甲子
2020-11-18	3	乙丑
2020-11-19	4	丙寅
2020-11-20	5	丁卯
2020-11-21	6	戊辰
2020-11-22	0	己巳
2020-11-23	1	庚午
2020-11-24	2	辛未
2020-11-25	3	壬申
2020-11-26	4	癸酉
2020-11-27	5	甲戌
2020-11-28	6	乙亥
2020-11-29	0	丙子
2020-11-30	1	丁丑
2020-12-01	2	戊寅
2020-12-02	3	己卯
2020-12-03	4	庚辰
2020-12-04	5	辛巳
2020-12-05	6	壬午
2020-12-06	0	癸未
2020-12-07	1	甲申
2020-12-08	2	乙酉
2020-12-09	3	丙戌
2020-12-10	4	丁亥
2020-12-11	5	戊子
2020-12-12	6	己丑
2020-12-13	0	庚寅
2020-12-14	1	辛卯
2020-12-15	2	壬辰
2020-12-16	3	癸巳
2020-12-17	4	甲午
2020-12-18	5	乙未
2020-12-19	6	丙申
2020-12-20	0	丁酉
2020-12-21	1	戊戌
2020-12-22	2	己亥
2020-12-23	3	庚子
2020-12-24	4	辛丑
2020-12-25	5	壬寅
2020-12-26	6	癸卯
2020-12-27	0	甲辰
2020-12-28	1	乙巳
2020-12-29	2	丙午
2020-12-30	3	丁未
2020-12-31	4	戊申
