2022-01-01	6	甲寅
2022-01-02	0	乙卯
2022-01-03	1	丙辰
2022-01-04	2	丁巳
2022-01-05	3	戊午
2022-01-06	4	己未
2022-01-07	5	庚申
2022-01-08	6	辛酉
2022-01-09	0	壬戌
2022-01-10	1	癸亥
2022-01-11	2	甲子
2022-01-12	3	乙丑
2022-01-13	4	丙寅
2022-01-14	5	丁卯
2022-01-15	6	戊辰
2022-01-16	0	己巳
2022-01-17	1	庚午
2022-01-18	2	辛未
2022-01-19	3	壬申
2022-01-20	4	癸酉
2022-01-21	5	甲戌
2022-01-22	6	乙亥
2022-01-23	0	丙子
2022-01-24	1	丁丑
2022-01-25	2	戊寅
2022-01-26	3	己卯
2022-01-27	4	庚辰
2022-01-28	5	辛巳
2022-01-29	6	壬午
2022-01-30	0	癸未
2022-01-31	1	甲申
2022-02-01	2	乙酉
2022-02-02	3	丙戌
2022-02-03	4	丁亥
2022-02-04	5	戊子
2022-02-05	6	己丑
2022-02-06	0	庚寅
2022-02-07	1	辛卯
2022-02-08	2	壬辰
2022-02-09	3	癸巳
2022-02-10	4	甲午
2022-02-11	5	乙未
2022-02-12	6	丙申
2022-02-13	0	丁酉
2022-02-14	1	戊戌
2022-02-15	2	己亥
2022-02-16	3	庚子
2022-02-17	4	辛丑
2022-02-18	5	壬寅
2022-02-19	6	癸卯
2022-02-20	0	甲辰
2022-02-21	1	乙巳
2022-02-22	2	丙午
2022-02-23	3	丁未
2022-02-24	4	戊申
2022-02-25	5	己酉
2022-02-26	6	庚戌
2022-02-27	0	辛亥
2022-02-28	1	壬子
2022-03-01	2	癸丑
2022-03-02	3	甲寅
2022-03-03	4	乙卯
2022-03-04	5	丙辰
2022-03-05	6	丁巳
2022-03-06	0	戊午
2022-03-07	1	己未
2022-03-08	2	庚申
2022-03-09	3	辛酉
2022-03-10	4	壬戌
2022-03-11	5	癸亥
2022-03-12	6	甲子
2022-03-13	0	乙丑
2022-03-14	1	丙寅
2022-03-15	2	丁卯
2022-03-16	3	戊辰
2022-03-17	4	己巳
2022-03-18	5	庚午
2022-03-19	6	辛未
2022-03-20	0	壬申
2022-03-21	1	癸酉
2022-03-22	2	甲戌
2022-03-23	3	乙亥
2022-03-24	4	丙子
2022-03-25	5	丁丑
2022-03-26	6	戊寅
2022-03-27	0	己卯
2022-03-28	1	庚辰
2022-03-29	2	辛巳
2022-03-30	3	壬午
2022-03-31	4	癸未
2022-04-01	5	甲申
2022-04-02	6	乙酉
2022-04-03	0	丙戌
2022-04-04	1	丁亥
2022-04-05	2	戊子
2022-04-06	3	己丑
2022-04-07	4	庚寅
2022-04-08	5	辛卯
2022-04-09	6	壬辰
2022-04-10	0	癸巳
2022-04-11	1	甲午
2022-04-12	2	乙未
2022-04-13	3	丙申
2022-04-14	4	丁酉
2022-04-15	5	戊戌
2022-04-16	6	己亥
2022-04-17	0	庚子
2022-04-18	1	辛丑
2022-04-19	2	壬寅
2022-04-20	3	癸卯
2022-04-21	4	甲辰
2022-04-22	5	乙巳
2022-04-23	6	丙午
2022-04-24	0	丁未
2022-04-25	1	戊申
2022-04-26	2	己酉
2022-04-27	3	庚戌
2022-04-28	4	辛亥
2022-04-29	5	壬子
2022-04-30	6	癸丑
2022-05-01	0	甲寅
2022-05-02	1	乙卯
2022-05-03	2	丙辰
2022-05-04	3	丁巳
2022-05-05	4	戊午
2022-05-06	5	己未
2022-05-07	6	庚申
2022-05-08	0	辛酉
2022-05-09	1	壬戌
2022-05-10	2	癸亥
2022-05-11	3	甲子
2022-05-12	4	乙丑
2022-05-13	5	丙寅
2022-05-14	6	丁卯
2022-05-15	0	戊辰
2022-05-16	1	己巳
2022-05-17	2	庚午
2022-05-18	3	辛未
2022-05-19	4	壬申
2022-05-20	5	癸酉
2022-05-21	6	甲戌
2022-05-22	0	乙亥
2022-05-23	1	丙子
2022-05-24	2	丁丑
2022-05-25	3	戊寅
2022-05-26	4	己卯
2022-05-27	5	庚辰
2022-05-28	6	辛巳
2022-05-29	0	壬午
2022-05-30	1	癸未
2022-05-31	2	甲申
2022-06-01	3	乙酉
2022-06-02	4	丙戌
2022-06-03	5	丁亥
2022-06-04	6	戊子
2022-06-05	0	己丑
2022-06-06	1	庚寅
2022-06-07	2	辛卯
2022-06-08	3	壬辰
2022-06-09	4	癸巳
2022-06-10	5	甲午
2022-06-11	6	乙未
2022-06-12	0	丙申
2022-06-13	1	丁酉
2022-06-14	2	戊戌
2022-06-15	3	己亥
2022-06-16	4	庚子
2022-06-17	5	辛丑
2022-06-18	6	壬寅
2022-06-19	0	癸卯
2022-06-20	1	甲辰
2022-06-21	2	乙巳
2022-06-22	3	丙午
2022-06-23	4	丁未
2022-06-24	5	戊申
2022-06-25	6	己酉
2022-06-26	0	庚戌
2022-06-27	1	辛亥
2022-06-28	2	壬子
2022-06-29	3	癸丑
2022-06-30	4	甲寅
2022-07-01	5	乙卯
2022-07-02	6	丙辰
2022-07-03	0	丁巳
2022-07-04	1	戊午
2022-07-05	2	己未
2022-07-06	3	庚申
2022-07-07	4	辛酉
2022-07-08	5	壬戌
2022-07-09	6	癸亥
2022-07-10	0	甲子
2022-07-11	1	乙丑
2022-07-12	2	丙寅
2022-07-13	3	丁卯
2022-07-14	4	戊辰
2022-07-15	5	己巳
2022-07-16	6	庚午
2022-07-17	0	辛未
2022-07-18	1	壬申
2022-07-19	2	癸酉
2022-07-20	3	甲戌
2022-07-21	4	乙亥
2022-07-22	5	丙子
2022-07-23	6	丁丑
2022-07-24	0	戊寅
2022-07-25	1	己卯
2022-07-26	2	庚辰
2022-07-27	3	辛巳
2022-07-28	4	壬午
2022-07-29	5	癸未
2022-07-30	6	甲申
2022-07-31	0	乙酉
2022-08-01	1	丙戌
2022-08-02	2	丁亥
2022-08-03	3	戊子
2022-08-04	4	己丑
2022-08-05	5	庚寅
2022-08-06	6	辛卯
2022-08-07	0	壬辰
2022-08-08	1	癸巳
2022-08-09	2	甲午
2022-08-10	3	乙未
2022-08-11	4	丙申
2022-08-12	5	丁酉
2022-08-13	6	戊戌
2022-08-14	0	己亥
2022-08-15	1	庚子
2022-08-16	2	辛丑
2022-08-17	3	壬寅
2022-08-18	4	癸卯
2022-08-19	5	甲辰
2022-08-20	6	乙巳
2022-08-21	0	丙午
2022-08-22	1	丁未
2022-08-23	2	戊申
2022-08-24	3	己酉
2022-08-25	4	庚戌
2022-08-26	5	辛亥
2022-08-27	6	壬子
2022-08-28	0	癸丑
2022-08-29	1	甲寅
2022-08-30	2	乙卯
2022-08-31	3	丙辰
2022-09-01	4	丁巳
2022-09-02	5	戊午
2022-09-03	6	己未
2022-09-04	0	庚申
2022-09-05	1	辛酉
2022-09-06	2	壬戌
2022-09-07	3	癸亥
2022-09-08	4	甲子
2022-09-09	5	乙丑
2022-09-10	6	丙寅
2022-09-11	0	丁卯
2022-09-12	1	戊辰
2022-09-13	2	己巳
2022-09-14	3	庚午
2022-09-15	4	辛未
2022-09-16	5	壬申
2022-09-17	6	癸酉
2022-09-18	0	甲戌
2022-09-19	1	乙亥
2022-09-20	2	丙子
2022-09-21	3	丁丑
2022-09-22	4	戊寅
2022-09-23	5	己卯
2022-09-24	6	庚辰
2022-09-25	0	辛巳
2022-09-26	1	壬午
2022-09-27	2	癸未
2022-09-28	3	甲申
2022-09-29	4	乙酉
2022-09-30	5	丙戌
2022-10-01	6	丁亥
2022-10-02	0	戊子
2022-10-03	1	己丑
2022-10-04	2	庚寅
2022-10-05	3	辛卯
2022-10-06	4	壬辰
2022-10-07	5	癸巳
2022-10-08	6	甲午
2022-10-09	0	乙未
2022-10-10	1	丙申
2022-10-11	2	丁酉
2022-10-12	3	戊戌
2022-10-13	4	己亥
2022-10-14	5	庚子
2022-10-15	6	辛丑
2022-10-16	0	壬寅
2022-10-17	1	癸卯
2022-10-18	2	甲辰
2022-10-19	3	乙巳
2022-10-20	4	丙午
2022-10-21	5	丁未
2022-10-22	6	戊申
2022-10-23	0	己酉
2022-10-24	1	庚戌
2022-10-25	2	辛亥
2022-10-26	3	壬子
2022-10-27	4	癸丑
2022-10-28	5	甲寅
2022-10-29	6	乙卯
2022-10-30	0	丙辰
2022-10-31	1	丁巳
2022-11-01	2	戊午
2022-11-02	3	己未
2022-11-03	4	庚申
2022-11-04	5	辛酉
2022-11-05	6	壬戌
2022-11-06	0	癸亥
2022-11-07	1	甲子
2022-11-08	2	乙丑
2022-11-09	3	丙寅
2022-11-10	4	丁卯
2022-11-11	5	戊辰
2022-11-12	6	己巳
2022-11-13	0	庚午
2022-11-14	1	辛未
2022-11-15	2	壬申
2022-11-16	3	癸酉
2022-11-17	4	甲戌
2022-11-18	5	乙亥
2022-11-19	6	丙子
2022-11-20	0	丁丑
2022-11-21	1	戊寅
2022-11-22	2	己卯
2022-11-23	3	庚辰
2022-11-24	4	辛巳
2022-11-25	5	壬午
2022-11-26	6	癸未
2022-11-27	0	甲申
2022-11-28	1	乙酉
2022-11-29	2	丙戌
2022-11-30	3	丁亥
2022-12-01	4	戊子
2022-12-02	5	己丑
2022-12-03	6	庚寅
2022-12-04	0	辛卯
2022-12-05	1	壬辰
2022-12-06	2	癸巳
2022-12-07	3	甲午
2022-12-08	4	乙未
2022-12-09	5	丙申
2022-12-10	6	丁酉
2022-12-11	0	戊戌
2022-12-12	1	己亥
2022-12-13	2	庚子
2022-12-14	3	辛丑
2022-12-15	4	壬寅
2022-12-16	5	癸卯
2022-12-17	6	甲辰
2022-12-18	0	乙巳
2022-12-19	1	丙午
2022-12-20	2	丁未
2022-12-21	3	戊申
2022-12-22	4	己酉
2022-12-23	5	庚戌
2022-12-24	6	辛亥
2022-12-25	0	壬子
2022-12-26	1	癸丑
2022-12-27	2	甲寅
2022-12-28	3	乙卯
2022-12-29	4	丙辰
2022-12-30	5	丁巳
2022-12-31	6	戊午
