2024-01-01	1	甲子
2024-01-02	2	乙丑
2024-01-03	3	丙寅
2024-01-04	4	丁卯
2024-01-05	5	戊辰
2024-01-06	6	己巳
2024-01-07	0	庚午
2024-01-08	1	辛未
2024-01-09	2	壬申
2024-01-10	3	癸酉
2024-01-11	4	甲戌
2024-01-12	5	乙亥
2024-01-13	6	丙子
2024-01-14	0	丁丑
2024-01-15	1	戊寅
2024-01-16	2	己卯
2024-01-17	3	庚辰
2024-01-18	4	辛巳
2024-01-19	5	壬午
2024-01-20	6	癸未
2024-01-21	0	甲申
2024-01-22	1	乙酉
2024-01-23	2	丙戌
2024-01-24	3	丁亥
2024-01-25	4	戊子
2024-01-26	5	己丑
2024-01-27	6	庚寅
2024-01-28	0	辛卯
2024-01-29	1	壬辰
2024-01-30	2	癸巳
2024-01-31	3	甲午
2024-02-01	4	乙未
2024-02-02	5	丙申
2024-02-03	6	丁酉
2024-02-04	0	戊戌
2024-02-05	1	己亥
2024-02-06	2	庚子
2024-02-07	3	辛丑
2024-02-08	4	壬寅
2024-02-09	5	癸卯
2024-02-10	6	甲辰
2024-02-11	0	乙巳
2024-02-12	1	丙午
2024-02-13	2	丁未
2024-02-14	3	戊申
2024-02-15	4	己酉
2024-02-16	5	庚戌
2024-02-17	6	辛亥
2024-02-18	0	壬子
2024-02-19	1	癸丑
2024-02-20	2	甲寅
2024-02-21	3	乙卯
2024-02-22	4	丙辰
2024-02-23	5	丁巳
2024-02-24	6	戊午
2024-02-25	0	己未
2024-02-26	1	庚申
2024-02-27	2	辛酉
2024-02-28	3	壬戌
2024-02-29	4	癸亥
2024-03-01	5	甲子
2024-03-02	6	乙丑
2024-03-03	0	丙寅
2024-03-04	1	丁卯
2024-03-05	2	戊辰
2024-03-06	3	己巳
2024-03-07	4	庚午
2024-03-08	5	辛未
2024-03-09	6	壬申
2024-03-10	0	癸酉
2024-03-11	1	甲戌
2024-03-12	2	乙亥
2024-03-13	3	丙子
2024-03-14	4	丁丑
2024-03-15	5	戊寅
2024-03-16	6	己卯
2024-03-17	0	庚辰
2024-03-18	1	辛巳
2024-03-19	2	壬午
2024-03-20	3	癸未
2024-03-21	4	甲申
2024-03-22	5	乙酉
2024-03-23	6	丙戌
2024-03-24	0	丁亥
2024-03-25	1	戊子
2024-03-26	2	己丑
2024-03-27	3	庚寅
2024-03-28	4	辛卯
2024-03-29	5	壬辰
2024-03-30	6	癸巳
2024-03-31	0	甲午
2024-04-01	1	乙未
2024-04-02	2	丙申
2024-04-03	3	丁酉
2024-04-04	4	戊戌
2024-04-05	5	己亥
2024-04-06	6	庚子
2024-04-07	0	辛丑
2024-04-08	1	壬寅
2024-04-09	2	癸卯
2024-04-10	3	甲辰
2024-04-11	4	乙巳
2024-04-12	5	丙午
2024-04-13	6	丁未
2024-04-14	0	戊申
2024-04-15	1	己酉
2024-04-16	2	庚戌
2024-04-17	3	辛亥
2024-04-18	4	壬子
2024-04-19	5	癸丑
2024-04-20	6	甲寅
2024-04-21	0	乙卯
2024-04-22	1	丙辰
2024-04-23	2	丁巳
2024-04-24	3	戊午
2024-04-25	4	己未
2024-04-26	5	庚申
2024-04-27	6	辛酉
2024-04-28	0	壬戌
2024-04-29	1	癸亥
2024-04-30	2	甲子
2024-05-01	3	乙丑
2024-05-02	4	丙寅
2024-05-03	5	丁卯
2024-05-04	6	戊辰
2024-05-05	0	己巳
2024-05-06	1	庚午
2024-05-07	2	辛未
2024-05-08	3	壬申
2024-05-09	4	癸酉
2024-05-10	5	甲戌
2024-05-11	6	乙亥
2024-05-12	0	丙子
2024-05-13	1	丁丑
2024-05-14	2	戊寅
2024-05-15	3	己卯
2024-05-16	4	庚辰
2024-05-17	5	辛巳
2024-05-18	6	壬午
2024-05-19	0	癸未
2024-05-20	1	甲申
2024-05-21	2	乙酉
2024-05-22	3	丙戌
2024-05-23	4	丁亥
2024-05-24	5	戊子
2024-05-25	6	己丑
2024-05-26	0	庚寅
2024-05-27	1	辛卯
2024-05-28	2	壬辰
2024-05-29	3	癸巳
2024-05-30	4	甲午
2024-05-31	5	乙未
2024-06-01	6	丙申
2024-06-02	0	丁酉
2024-06-03	1	戊戌
2024-06-04	2	己亥
2024-06-05	3	庚子
2024-06-06	4	辛丑
2024-06-07	5	壬寅
2024-06-08	6	癸卯
2024-06-09	0	甲辰
2024-06-10	1	乙巳
2024-06-11	2	丙午
2024-06-12	3	丁未
2024-06-13	4	戊申
2024-06-14	5	己酉
2024-06-15	6	庚戌
2024-06-16	0	辛亥
2024-06-17	1	壬子
2024-06-18	2	癸丑
2024-06-19	3	甲寅
2024-06-20	4	乙卯
2024-06-21	5	丙辰
2024-06-22	6	丁巳
2024-06-23	0	戊午
2024-06-24	1	己未
2024-06-25	2	庚申
2024-06-26	3	辛酉
2024-06-27	4	壬戌
2024-06-28	5	癸亥
2024-06-29	6	甲子
2024-06-30	0	乙丑
2024-07-01	1	丙寅
2024-07-02	2	丁卯
2024-07-03	3	戊辰
2024-07-04	4	己巳
2024-07-05	5	庚午
2024-07-06	6	辛未
2024-07-07	0	壬申
2024-07-08	1	癸酉
2024-07-09	2	甲戌
2024-07-10	3	乙亥
2024-07-11	4	丙子
2024-07-12	5	丁丑
2024-07-13	6	戊寅
2024-07-14	0	己卯
2024-07-15	1	庚辰
2024-07-16	2	辛巳
2024-07-17	3	壬午
2024-07-18	4	癸未
2024-07-19	5	甲申
2024-07-20	6	乙酉
2024-07-21	0	丙戌
2024-07-22	1	丁亥
2024-07-23	2	戊子
2024-07-24	3	己丑
2024-07-25	4	庚寅
2024-07-26	5	辛卯
2024-07-27	6	壬辰
2024-07-28	0	癸巳
2024-07-29	1	甲午
2024-07-30	2	乙未
2024-07-31	3	丙申
2024-08-01	4	丁酉
2024-08-02	5	戊戌
2024-08-03	6	己亥
2024-08-04	0	庚子
2024-08-05	1	辛丑
2024-08-06	2	壬寅
2024-08-07	3	癸卯
2024-08-08	4	甲辰
2024-08-09	5	乙巳
2024-08-10	6	丙午
2024-08-11	0	丁未
2024-08-12	1	戊申
2024-08-13	2	己酉
2024-08-14	3	庚戌
2024-08-15	4	辛亥
2024-08-16	5	壬子
2024-08-17	6	癸丑
2024-08-18	0	甲寅
2024-08-19	1	乙卯
2024-08-20	2	丙辰
2024-08-21	3	丁巳
2024-08-22	4	戊午
2024-08-23	5	己未
2024-08-24	6	庚申
2024-08-25	0	辛酉
2024-08-26	1	壬戌
2024-08-27	2	癸亥
2024-08-28	3	甲子
2024-08-29	4	乙丑
2024-08-30	5	丙寅
2024-08-31	6	丁卯
2024-09-01	0	戊辰
2024-09-02	1	己巳
2024-09-03	2	庚午
2024-09-04	3	辛未
2024-09-05	4	壬申
2024-09-06	5	癸酉
2024-09-07	6	甲戌
2024-09-08	0	乙亥
2024-09-09	1	丙子
2024-09-10	2	丁丑
2024-09-11	3	戊寅
2024-09-12	4	己卯
2024-09-13	5	庚辰
2024-09-14	6	辛巳
2024-09-15	0	壬午
2024-09-16	1	癸未
2024-09-17	2	甲申
2024-09-18	3	乙酉
2024-09-19	4	丙戌
2024-09-20	5	丁亥
2024-09-21	6	戊子
2024-09-22	0	己丑
2024-09-23	1	庚寅
2024-09-24	2	辛卯
2024-09-25	3	壬辰
2024-09-26	4	癸巳
2024-09-27	5	甲午
2024-09-28	6	乙未
2024-09-29	0	丙申
2024-09-30	1	丁酉
2024-10-01	2	戊戌
2024-10-02	3	己亥
2024-10-03	4	庚子
2024-10-04	5	辛丑
2024-10-05	6	壬寅
2024-10-06	0	癸卯
2024-10-07	1	甲辰
2024-10-08	2	乙巳
2024-10-09	3	丙午
2024-10-10	4	丁未
2024-10-11	5	戊申
2024-10-12	6	己酉
2024-10-13	0	庚戌
2024-10-14	1	辛亥
2024-10-15	2	壬子
2024-10-16	3	癸丑
2024-10-17	4	甲寅
2024-10-18	5	乙卯
2024-10-19	6	丙辰
2024-10-20	0	丁巳
2024-10-21	1	戊午
2024-10-22	2	己未
2024-10-23	3	庚申
2024-10-24	4	辛酉
2024-10-25	5	壬戌
2024-10-26	6	癸亥
2024-10-27	0	甲子
2024-10-28	1	乙丑
2024-10-29	2	丙寅
2024-10-30	3	丁卯
2024-10-31	4	戊辰
2024-11-01	5	己巳
2024-11-02	6	庚午
2024-11-03	0	辛未
2024-11-04	1	壬申
2024-11-05	2	癸酉
2024-11-06	3	甲戌
2024-11-07	4	乙亥
2024-11-08	5	丙子
2024-11-09	6	丁丑
2024-11-10	0	戊寅
2024-11-11	1	己卯
2024-11-12	2	庚辰
2024-11-13	3	辛巳
2024-11-14	4	壬午
2024-11-15	5	癸未
2024-11-16	6	甲申
2024-11-17	0	乙酉
2024-11-18	1	丙戌
2024-11-19	2	丁亥
2024-11-20	3	戊子
2024-11-21	4	己丑
2024-11-22	5	庚寅
2024-11-23	6	辛卯
2024-11-24	0	壬辰
2024-11-25	1	癸巳
2024-11-26	2	甲午
2024-11-27	3	乙未
2024-11-28	4	丙申
2024-11-29	5	丁酉
2024-11-30	6	戊戌
2024-12-01	0	己亥
2024-12-02	1	庚子
2024-12-03	2	辛丑
2024-12-04	3	壬寅
2024-12-05	4	癸卯
2024-12-06	5	甲辰
2024-12-07	6	乙巳
2024-12-08	0	丙午
2024-12-09	1	丁未
2024-12-10	2	戊申
2024-12-11	3	己酉
2024-12-12	4	庚戌
2024-12-13	5	辛亥
2024-12-14	6	壬子
2024-12-15	0	癸丑
2024-12-16	1	甲寅
2024-12-17	2	乙卯
2024-12-18	3	丙辰
2024-12-19	4	丁巳
2024-12-20	5	戊午
2024-12-21	6	己未
2024-12-22	0	庚申
2024-12-23	1	辛酉
2024-12-24	2	壬戌
2024-12-25	3	癸亥
2024-12-26	4	甲子
2024-12-27	5	乙丑
2024-12-28	6	丙寅
2024-12-29	0	丁卯
2024-12-30	1	戊辰
2024-12-31	2	己巳
