2025-01-01	3	庚午
2025-01-02	4	辛未
2025-01-03	5	壬申
2025-01-04	6	癸酉
2025-01-05	0	甲戌
2025-01-06	1	乙亥
2025-01-07	2	丙子
2025-01-08	3	丁丑
2025-01-09	4	戊寅
2025-01-10	5	己卯
2025-01-11	6	庚辰
2025-01-12	0	辛巳
2025-01-13	1	壬午
2025-01-14	2	癸未
2025-01-15	3	甲申
2025-01-16	4	乙酉
2025-01-17	5	丙戌
2025-01-18	6	丁亥
2025-01-19	0	戊子
2025-01-20	1	己丑
2025-01-21	2	庚寅
2025-01-22	3	辛卯
2025-01-23	4	壬辰
2025-01-24	5	癸巳
2025-01-25	6	甲午
2025-01-26	0	乙未
2025-01-27	1	丙申
2025-01-28	2	丁酉
2025-01-29	3	戊戌
2025-01-30	4	己亥
2025-01-31	5	庚子
2025-02-01	6	辛丑
2025-02-02	0	壬寅
2025-02-03	1	癸卯
2025-02-04	2	甲辰
2025-02-05	3	乙巳
2025-02-06	4	丙午
2025-02-07	5	丁未
2025-02-08	6	戊申
2025-02-09	0	己酉
2025-02-10	1	庚戌
2025-02-11	2	辛亥
2025-02-12	3	壬子
2025-02-13	4	癸丑
2025-02-14	5	甲寅
2025-02-15	6	乙卯
2025-02-16	0	丙辰
2025-02-17	1	丁巳
2025-02-18	2	戊午
2025-02-19	3	己未
2025-02-20	4	庚申
2025-02-21	5	辛酉
2025-02-22	6	壬戌
2025-02-23	0	癸亥
2025-02-24	1	甲子
2025-02-25	2	乙丑
2025-02-26	3	丙寅
2025-02-27	4	丁卯
2025-02-28	5	戊辰
2025-03-01	6	己巳
2025-03-02	0	庚午
2025-03-03	1	辛未
2025-03-04	2	壬申
2025-03-05	3	癸酉
2025-03-06	4	甲戌
2025-03-07	5	乙亥
2025-03-08	6	丙子
2025-03-09	0	丁丑
2025-03-10	1	戊寅
2025-03-11	2	己卯
2025-03-12	3	庚辰
2025-03-13	4	辛巳
2025-03-14	5	壬午
2025-03-15	6	癸未
2025-03-16	0	甲申
2025-03-17	1	乙酉
2025-03-18	2	丙戌
2025-03-19	3	丁亥
2025-03-20	4	戊子
2025-03-21	5	己丑
2025-03-22	6	庚寅
2025-03-23	0	辛卯
2025-03-24	1	壬辰
2025-03-25	2	癸巳
2025-03-26	3	甲午
2025-03-27	4	乙未
2025-03-28	5	丙申
2025-03-29	6	丁酉
2025-03-30	0	戊戌
2025-03-31	1	己亥
2025-04-01	2	庚子
2025-04-02	3	辛丑
2025-04-03	4	壬寅
2025-04-04	5	癸卯
2025-04-05	6	甲辰
2025-04-06	0	乙巳
2025-04-07	1	丙午
2025-04-08	2	丁未
2025-04-09	3	戊申
2025-04-10	4	己酉
2025-04-11	5	庚戌
2025-04-12	6	辛亥
2025-04-13	0	壬子
2025-04-14	1	癸丑
2025-04-15	2	甲寅
2025-04-16	3	乙卯
2025-04-17	4	丙辰
2025-04-18	5	丁巳
2025-04-19	6	戊午
2025-04-20	0	己未
2025-04-21	1	庚申
2025-04-22	2	辛酉
2025-04-23	3	壬戌
2025-04-24	4	癸亥
2025-04-25	5	甲子
2025-04-26	6	乙丑
2025-04-27	0	丙寅
2025-04-28	1	丁卯
2025-04-29	2	戊辰
2025-04-30	3	己巳
2025-05-01	4	庚午
2025-05-02	5	辛未
2025-05-03	6	壬申
2025-05-04	0	癸酉
2025-05-05	1	甲戌
2025-05-06	2	乙亥
2025-05-07	3	丙子
2025-05-08	4	丁丑
2025-05-09	5	戊寅
2025-05-10	6	己卯
2025-05-11	0	庚辰
2025-05-12	1	辛巳
2025-05-13	2	壬午
2025-05-14	3	癸未
2025-05-15	4	甲申
2025-05-16	5	乙酉
2025-05-17	6	丙戌
2025-05-18	0	丁亥
2025-05-19	1	戊子
2025-05-20	2	己丑
2025-05-21	3	庚寅
2025-05-22	4	辛卯
2025-05-23	5	壬辰
2025-05-24	6	癸巳
2025-05-25	0	甲午
2025-05-26	1	乙未
2025-05-27	2	丙申
2025-05-28	3	丁酉
2025-05-29	4	戊戌
2025-05-30	5	己亥
2025-05-31	6	庚子
2025-06-01	0	辛丑
2025-06-02	1	壬寅
2025-06-03	2	癸卯
2025-06-04	3	甲辰
2025-06-05	4	乙巳
2025-06-06	5	丙午
2025-06-07	6	丁未
2025-06-08	0	戊申
2025-06-09	1	己酉
2025-06-10	2	庚戌
2025-06-11	3	辛亥
2025-06-12	4	壬子
2025-06-13	5	癸丑
2025-06-14	6	甲寅
2025-06-15	0	乙卯
2025-06-16	1	丙辰
2025-06-17	2	丁巳
2025-06-18	3	戊午
2025-06-19	4	己未
2025-06-20	5	庚申
2025-06-21	6	辛酉
2025-06-22	0	壬戌
2025-06-23	1	癸亥
2025-06-24	2	甲子
2025-06-25	3	乙丑
2025-06-26	4	丙寅
2025-06-27	5	丁卯
2025-06-28	6	戊辰
2025-06-29	0	己巳
2025-06-30	1	庚午
2025-07-01	2	辛未
2025-07-02	3	壬申
2025-07-03	4	癸酉
2025-07-04	5	甲戌
2025-07-05	6	乙亥
2025-07-06	0	丙子
2025-07-07	1	丁丑
2025-07-08	2	戊寅
2025-07-09	3	己卯
2025-07-10	4	庚辰
2025-07-11	5	辛巳
2025-07-12	6	壬午
2025-07-13	0	癸未
2025-07-14	1	甲申
2025-07-15	2	乙酉
2025-07-16	3	丙戌
2025-07-17	4	丁亥
2025-07-18	5	戊子
2025-07-19	6	己丑
2025-07-20	0	庚寅
2025-07-21	1	辛卯
2025-07-22	2	壬辰
2025-07-23	3	癸巳
2025-07-24	4	甲午
2025-07-25	5	乙未
2025-07-26	6	丙申
2025-07-27	0	丁酉
2025-07-28	1	戊戌
2025-07-29	2	己亥
2025-07-30	3	庚子
2025-07-31	4	辛丑
2025-08-01	5	壬寅
2025-08-02	6	癸卯
2025-08-03	0	甲辰
2025-08-04	1	乙巳
2025-08-05	2	丙午
2025-08-06	3	丁未
2025-08-07	4	戊申
2025-08-08	5	己酉
2025-08-09	6	庚戌
2025-08-10	0	辛亥
2025-08-11	1	壬子
2025-08-12	2	癸丑
2025-08-13	3	甲寅
2025-08-14	4	乙卯
2025-08-15	5	丙辰
2025-08-16	6	丁巳
2025-08-17	0	戊午
2025-08-18	1	己未
2025-08-19	2	庚申
2025-08-20	3	辛酉
2025-08-21	4	壬戌
2025-08-22	5	癸亥
2025-08-23	6	甲子
2025-08-24	0	乙丑
2025-08-25	1	丙寅
2025-08-26	2	丁卯
2025-08-27	3	戊辰
2025-08-28	4	己巳
2025-08-29	5	庚午
2025-08-30	6	辛未
2025-08-31	0	壬申
2025-09-01	1	癸酉
2025-09-02	2	甲戌
2025-09-03	3	乙亥
2025-09-04	4	丙子
2025-09-05	5	丁丑
2025-09-06	6	戊寅
2025-09-07	0	己卯
2025-09-08	1	庚辰
2025-09-09	2	辛巳
2025-09-10	3	壬午
2025-09-11	4	癸未
2025-09-12	5	甲申
2025-09-13	6	乙酉
2025-09-14	0	丙戌
2025-09-15	1	丁亥
2025-09-16	2	戊子
2025-09-17	3	己丑
2025-09-18	4	庚寅
2025-09-19	5	辛卯
2025-09-20	6	壬辰
2025-09-21	0	癸巳
2025-09-22	1	甲午
2025-09-23	2	乙未
2025-09-24	3	丙申
2025-09-25	4	丁酉
2025-09-26	5	戊戌
2025-09-27	6	己亥
2025-09-28	0	庚子
2025-09-29	1	辛丑
2025-09-30	2	壬寅
2025-10-01	3	癸卯
2025-10-02	4	甲辰
2025-10-03	5	乙巳
2025-10-04	6	丙午
2025-10-05	0	丁未
2025-10-06	1	戊申
2025-10-07	2	己酉
2025-10-08	3	庚戌
2025-10-09	4	辛亥
2025-10-10	5	壬子
2025-10-11	6	癸丑
2025-10-12	0	甲寅
2025-10-13	1	乙卯
2025-10-14	2	丙辰
2025-10-15	3	丁巳
2025-10-16	4	戊午
2025-10-17	5	己未
2025-10-18	6	庚申
2025-10-19	0	辛酉
2025-10-20	1	壬戌
2025-10-21	2	癸亥
2025-10-22	3	甲子
2025-10-23	4	乙丑
2025-10-24	5	丙寅
2025-10-25	6	丁卯
2025-10-26	0	戊辰
2025-10-27	1	己巳
2025-10-28	2	庚午
2025-10-29	3	辛未
2025-10-30	4	壬申
2025-10-31	5	癸酉
2025-11-01	6	甲戌
2025-11-02	0	乙亥
2025-11-03	1	丙子
2025-11-04	2	丁丑
2025-11-05	3	戊寅
2025-11-06	4	己卯
2025-11-07	5	庚辰
2025-11-08	6	辛巳
2025-11-09	0	壬午
2025-11-10	1	癸未
2025-11-11	2	甲申
2025-11-12	3	乙酉
2025-11-13	4	丙戌
2025-11-14	5	丁亥
2025-11-15	6	戊子
2025-11-16	0	己丑
2025-11-17	1	庚寅
2025-11-18	2	辛卯
2025-11-19	3	壬辰
2025-11-20	4	癸巳
2025-11-21	5	甲午
2025-11-22	6	乙未
2025-11-23	0	丙申
2025-11-24	1	丁酉
2025-11-25	2	戊戌
2025-11-26	3	己亥
2025-11-27	4	庚子
2025-11-28	5	辛丑
2025-11-29	6	壬寅
2025-11-30	0	癸卯
2025-12-01	1	甲辰
2025-12-02	2	乙巳
2025-12-03	3	丙午
2025-12-04	4	丁未
2025-12-05	5	戊申
2025-12-06	6	己酉
2025-12-07	0	庚戌
2025-12-08	1	辛亥
2025-12-09	2	壬子
2025-12-10	3	癸丑
2025-12-11	4	甲寅
2025-12-12	5	乙卯
2025-12-13	6	丙辰
2025-12-14	0	丁巳
2025-12-15	1	戊午
2025-12-16	2	己未
2025-12-17	3	庚申
2025-12-18	4	辛酉
2025-12-19	5	壬戌
2025-12-20	6	癸亥
2025-12-21	0	甲子
2025-12-22	1	乙丑
2025-12-23	2	丙寅
2025-12-24	3	丁卯
2025-12-25	4	戊辰
2025-12-26	5	己巳
2025-12-27	6	庚午
2025-12-28	0	辛未
2025-12-29	1	壬申
2025-12-30	2	癸酉
2025-12-31	3	甲戌
