2019-01-01	2	戊戌
2019-01-02	3	己亥
2019-01-03	4	庚子
2019-01-04	5	辛丑
2019-01-05	6	壬寅
2019-01-06	0	癸卯
2019-01-07	1	甲辰
2019-01-08	2	乙巳
2019-01-09	3	丙午
2019-01-10	4	丁未
2019-01-11	5	戊申
2019-01-12	6	己酉
2019-01-13	0	庚戌
2019-01-14	1	辛亥
2019-01-15	2	壬子
2019-01-16	3	癸丑
2019-01-17	4	甲寅
2019-01-18	5	乙卯
2019-01-19	6	丙辰
2019-01-20	0	丁巳
2019-01-21	1	戊午
2019-01-22	2	己未
2019-01-23	3	庚申
2019-01-24	4	辛酉
2019-01-25	5	壬戌
2019-01-26	6	癸亥
2019-01-27	0	甲子
2019-01-28	1	乙丑
2019-01-29	2	丙寅
2019-01-30	3	丁卯
2019-01-31	4	戊辰
2019-02-01	5	己巳
2019-02-02	6	庚午
2019-02-03	0	辛未
2019-02-04	1	壬申
2019-02-05	2	癸酉
2019-02-06	3	甲戌
2019-02-07	4	乙亥
2019-02-08	5	丙子
2019-02-09	6	丁丑
2019-02-10	0	戊寅
2019-02-11	1	己卯
2019-02-12	2	庚辰
2019-02-13	3	辛巳
2019-02-14	4	壬午
2019-02-15	5	癸未
2019-02-16	6	甲申
2019-02-17	0	乙酉
2019-02-18	1	丙戌
2019-02-19	2	丁亥
2019-02-20	3	戊子
2019-02-21	4	己丑
2019-02-22	5	庚寅
2019-02-23	6	辛卯
2019-02-24	0	壬辰
2019-02-25	1	癸巳
2019-02-26	2	甲午
2019-02-27	3	乙未
2019-02-28	4	丙申
2019-03-01	5	丁酉
2019-03-02	6	戊戌
2019-03-03	0	己亥
2019-03-04	1	庚子
2019-03-05	2	辛丑
2019-03-06	3	壬寅
2019-03-07	4	癸卯
2019-03-08	5	甲辰
2019-03-09	6	乙巳
2019-03-10	0	丙午
2019-03-11	1	丁未
2019-03-12	2	戊申
2019-03-13	3	己酉
2019-03-14	4	庚戌
2019-03-15	5	辛亥
2019-03-16	6	壬子
2019-03-17	0	癸丑
2019-03-18	1	甲寅
2019-03-19	2	乙卯
2019-03-20	3	丙辰
2019-03-21	4	丁巳
2019-03-22	5	戊午
2019-03-23	6	己未
2019-03-24	0	庚申
2019-03-25	1	辛酉
2019-03-26	2	壬戌
2019-03-27	3	癸亥
2019-03-28	4	甲子
2019-03-29	5	乙丑
2019-03-30	6	丙寅
2019-03-31	0	丁卯
2019-04-01	1	戊辰
2019-04-02	2	己巳
2019-04-03	3	庚午
2019-04-04	4	辛未
2019-04-05	5	壬申
2019-04-06	6	癸酉
2019-04-07	0	甲戌
2019-04-08	1	乙亥
2019-04-09	2	丙子
2019-04-10	3	丁丑
2019-04-11	4	戊寅
2019-04-12	5	己卯
2019-04-13	6	庚辰
2019-04-14	0	辛巳
2019-04-15	1	壬午
2019-04-16	2	癸未
2019-04-17	3	甲申
2019-04-18	4	乙酉
2019-04-19	5	丙戌
2019-04-20	6	丁亥
2019-04-21	0	戊子
2019-04-22	1	己丑
2019-04-23	2	庚寅
2019-04-24	3	辛卯
2019-04-25	4	壬辰
2019-04-26	5	癸巳
2019-04-27	6	甲午
2019-04-28	0	乙未
2019-04-29	1	丙申
2019-04-30	2	丁酉
2019-05-01	3	戊戌
2019-05-02	4	己亥
2019-05-03	5	庚子
2019-05-04	6	辛丑
2019-05-05	0	壬寅
2019-05-06	1	癸卯
2019-05-07	2	甲辰
2019-05-08	3	乙巳
2019-05-09	4	丙午
2019-05-10	5	丁未
2019-05-11	6	戊申
2019-05-12	0	己酉
2019-05-13	1	庚戌
2019-05-14	2	辛亥
2019-05-15	3	壬子
2019-05-16	4	癸丑
2019-05-17	5	甲寅
2019-05-18	6	乙卯
2019-05-19	0	丙辰
2019-05-20	1	丁巳
2019-05-21	2	戊午
2019-05-22	3	己未
2019-05-23	4	庚申
2019-05-24	5	辛酉
2019-05-25	6	壬戌
2019-05-26	0	癸亥
2019-05-27	1	甲子
2019-05-28	2	乙丑
2019-05-29	3	丙寅
2019-05-30	4	丁卯
2019-05-31	5	戊辰
2019-06-01	6	己巳
2019-06-02	0	庚午
2019-06-03	1	辛未
2019-06-04	2	壬申
2019-06-05	3	癸酉
2019-06-06	4	甲戌
2019-06-07	5	乙亥
2019-06-08	6	丙子
2019-06-09	0	丁丑
2019-06-10	1	戊寅
2019-06-11	2	己卯
2019-06-12	3	庚辰
2019-06-13	4	辛巳
2019-06-14	5	壬午
2019-06-15	6	癸未
2019-06-16	0	甲申
2019-06-17	1	乙酉
2019-06-18	2	丙戌
2019-06-19	3	丁亥
2019-06-20	4	戊子
2019-06-21	5	己丑
2019-06-22	6	庚寅
2019-06-23	0	辛卯
2019-06-24	1	壬辰
2019-06-25	2	癸巳
2019-06-26	3	甲午
2019-06-27	4	乙未
2019-06-28	5	丙申
2019-06-29	6	丁酉
2019-06-30	0	戊戌
2019-07-01	1	己亥
2019-07-02	2	庚子
2019-07-03	3	辛丑
2019-07-04	4	壬寅
2019-07-05	5	癸卯
2019-07-06	6	甲辰
2019-07-07	0	乙巳
2019-07-08	1	丙午
2019-07-09	2	丁未
2019-07-10	3	戊申
2019-07-11	4	己酉
2019-07-12	5	庚戌
2019-07-13	6	辛亥
2019-07-14	0	壬子
2019-07-15	1	癸丑
2019-07-16	2	甲寅
2019-07-17	3	乙卯
2019-07-18	4	丙辰
2019-07-19	5	丁巳
2019-07-20	6	戊午
2019-07-21	0	己未
2019-07-22	1	庚申
2019-07-23	2	辛酉
2019-07-24	3	壬戌
2019-07-25	4	癸亥
2019-07-26	5	甲子
2019-07-27	6	乙丑
2019-07-28	0	丙寅
2019-07-29	1	丁卯
2019-07-30	2	戊辰
2019-07-31	3	己巳
2019-08-01	4	庚午
2019-08-02	5	辛未
2019-08-03	6	壬申
2019-08-04	0	癸酉
2019-08-05	1	甲戌
2019-08-06	2	乙亥
2019-08-07	3	丙子
2019-08-08	4	丁丑
2019-08-09	5	戊寅
2019-08-10	6	己卯
2019-08-11	0	庚辰
2019-08-12	1	辛巳
2019-08-13	2	壬午
2019-08-14	3	癸未
2019-08-15	4	甲申
2019-08-16	5	乙酉
2019-08-17	6	丙戌
2019-08-18	0	丁亥
2019-08-19	1	戊子
2019-08-20	2	己丑
2019-08-21	3	庚寅
2019-08-22	4	辛卯
2019-08-23	5	壬辰
2019-08-24	6	癸巳
2019-08-25	0	甲午
2019-08-26	1	乙未
2019-08-27	2	丙申
2019-08-28	3	丁酉
2019-08-29	4	戊戌
2019-08-30	5	己亥
2019-08-31	6	庚子
2019-09-01	0	辛丑
2019-09-02	1	壬寅
2019-09-03	2	癸卯
2019-09-04	3	甲辰
2019-09-05	4	乙巳
2019-09-06	5	丙午
2019-09-07	6	丁未
2019-09-08	0	戊申
2019-09-09	1	己酉
2019-09-10	2	庚戌
2019-09-11	3	辛亥
2019-09-12	4	壬子
2019-09-13	5	癸丑
2019-09-14	6	甲寅
2019-09-15	0	乙卯
2019-09-16	1	丙辰
2019-09-17	2	丁巳
2019-09-18	3	戊午
2019-09-19	4	己未
2019-09-20	5	庚申
2019-09-21	6	辛酉
2019-09-22	0	壬戌
2019-09-23	1	癸亥
2019-09-24	2	甲子
2019-09-25	3	乙丑
2019-09-26	4	丙寅
2019-09-27	5	丁卯
2019-09-28	6	戊辰
2019-09-29	0	己巳
2019-09-30	1	庚午
2019-10-01	2	辛未
2019-10-02	3	壬申
2019-10-03	4	癸酉
2019-10-04	5	甲戌
2019-10-05	6	乙亥
2019-10-06	0	丙子
2019-10-07	1	丁丑
2019-10-08	2	戊寅
2019-10-09	3	己卯
2019-10-10	4	庚辰
2019-10-11	5	辛巳
2019-10-12	6	壬午
2019-10-13	0	癸未
2019-10-14	1	甲申
2019-10-15	2	乙酉
2019-10-16	3	丙戌
2019-10-17	4	丁亥
2019-10-18	5	戊子
2019-10-19	6	己丑
2019-10-20	0	庚寅
2019-10-21	1	辛卯
2019-10-22	2	壬辰
2019-10-23	3	癸巳
2019-10-24	4	甲午
2019-10-25	5	乙未
2019-10-26	6	丙申
2019-10-27	0	丁酉
2019-10-28	1	戊戌
2019-10-29	2	己亥
2019-10-30	3	庚子
2019-10-31	4	辛丑
2019-11-01	5	壬寅
2019-11-02	6	癸卯
2019-11-03	0	甲辰
2019-11-04	1	乙巳
2019-11-05	2	丙午
2019-11-06	3	丁未
2019-11-07	4	戊申
2019-11-08	5	己酉
2019-11-09	6	庚戌
2019-11-10	0	辛亥
2019-11-11	1	壬子
2019-11-12	2	癸丑
2019-11-13	3	甲寅
2019-11-14	4	乙卯
2019-11-15	5	丙辰
2019-11-16	6	丁巳
2019-11-17	0	戊午
2019-11-18	1	己未
2019-11-19	2	庚申
2019-11-20	3	辛酉
2019-11-21	4	壬戌
2019-11-22	5	癸亥
2019-11-23	6	甲子
2019-11-24	0	乙丑
2019-11-25	1	丙寅
2019-11-26	2	丁卯
2019-11-27	3	戊辰
2019-11-28	4	己巳
2019-11-29	5	庚午
2019-11-30	6	辛未
2019-12-01	0	壬申
2019-12-02	1	癸酉
2019-12-03	2	甲戌
2019-12-04	3	乙亥
2019-12-05	4	丙子
2019-12-06	5	丁丑
2019-12-07	6	戊寅
2019-12-08	0	己卯
2019-12-09	1	庚辰
2019-12-10	2	辛巳
2019-12-11	3	壬午
2019-12-12	4	癸未
2019-12-13	5	甲申
2019-12-14	6	乙酉
2019-12-15	0	丙戌
2019-12-16	1	丁亥
2019-12-17	2	戊子
2019-12-18	3	己丑
2019-12-19	4	庚寅
2019-12-20	5	辛卯
2019-12-21	6	壬辰
2019-12-22	0	癸巳
2019-12-23	1	甲午
2019-12-24	2	乙未
2019-12-25	3	丙申
2019-12-26	4	丁酉
2019-12-27	5	戊戌
2019-12-28	6	己亥
2019-12-29	0	庚子
2019-12-30	1	辛丑
2019-12-31	2	壬寅
