2023-01-01	0	己未
2023-01-02	1	庚申
2023-01-03	2	辛酉
2023-01-04	3	壬戌
2023-01-05	4	癸亥
2023-01-06	5	甲子
2023-01-07	6	乙丑
2023-01-08	0	丙寅
2023-01-09	1	丁卯
2023-01-10	2	戊辰
2023-01-11	3	己巳
2023-01-12	4	庚午
2023-01-13	5	辛未
2023-01-14	6	壬申
2023-01-15	0	癸酉
2023-01-16	1	甲戌
2023-01-17	2	乙亥
2023-01-18	3	丙子
2023-01-19	4	丁丑
2023-01-20	5	戊寅
2023-01-21	6	己卯
2023-01-22	0	庚辰
2023-01-23	1	辛巳
2023-01-24	2	壬午
2023-01-25	3	癸未
2023-01-26	4	甲申
2023-01-27	5	乙酉
2023-01-28	6	丙戌
2023-01-29	0	丁亥
2023-01-30	1	戊子
2023-01-31	2	己丑
2023-02-01	3	庚寅
2023-02-02	4	辛卯
2023-02-03	5	壬辰
2023-02-04	6	癸巳
2023-02-05	0	甲午
2023-02-06	1	乙未
2023-02-07	2	丙申
2023-02-08	3	丁酉
2023-02-09	4	戊戌
2023-02-10	5	己亥
2023-02-11	6	庚子
2023-02-12	0	辛丑
2023-02-13	1	壬寅
2023-02-14	2	癸卯
2023-02-15	3	甲辰
2023-02-16	4	乙巳
2023-02-17	5	丙午
2023-02-18	6	丁未
2023-02-19	0	戊申
2023-02-20	1	己酉
2023-02-21	2	庚戌
2023-02-22	3	辛亥
2023-02-23	4	壬子
2023-02-24	5	癸丑
2023-02-25	6	甲寅
2023-02-26	0	乙卯
2023-02-27	1	丙辰
2023-02-28	2	丁巳
2023-03-01	3	戊午
2023-03-02	4	己未
2023-03-03	5	庚申
2023-03-04	6	辛酉
2023-03-05	0	壬戌
2023-03-06	1	癸亥
2023-03-07	2	甲子
2023-03-08	3	乙丑
2023-03-09	4	丙寅
2023-03-10	5	丁卯
2023-03-11	6	戊辰
2023-03-12	0	己巳
2023-03-13	1	庚午
2023-03-14	2	辛未
2023-03-15	3	壬申
2023-03-16	4	癸酉
2023-03-17	5	甲戌
2023-03-18	6	乙亥
2023-03-19	0	丙子
2023-03-20	1	丁丑
2023-03-21	2	戊寅
2023-03-22	3	己卯
2023-03-23	4	庚辰
2023-03-24	5	辛巳
2023-03-25	6	壬午
2023-03-26	0	癸未
2023-03-27	1	甲申
2023-03-28	2	乙酉
2023-03-29	3	丙戌
2023-03-30	4	丁亥
2023-03-31	5	戊子
2023-04-01	6	己丑
2023-04-02	0	庚寅
2023-04-03	1	辛卯
2023-04-04	2	壬辰
2023-04-05	3	癸巳
2023-04-06	4	甲午
2023-04-07	5	乙未
2023-04-08	6	丙申
2023-04-09	0	丁酉
2023-04-10	1	戊戌
2023-04-11	2	己亥
2023-04-12	3	庚子
2023-04-13	4	辛丑
2023-04-14	5	壬寅
2023-04-15	6	癸卯
2023-04-16	0	甲辰
2023-04-17	1	乙巳
2023-04-18	2	丙午
2023-04-19	3	丁未
2023-04-20	4	戊申
2023-04-21	5	己酉
2023-04-22	6	庚戌
2023-04-23	0	辛亥
2023-04-24	1	壬子
2023-04-25	2	癸丑
2023-04-26	3	甲寅
2023-04-27	4	乙卯
2023-04-28	5	丙辰
2023-04-29	6	丁巳
2023-04-30	0	戊午
2023-05-01	1	己未
2023-05-02	2	庚申
2023-05-03	3	辛酉
2023-05-04	4	壬戌
2023-05-05	5	癸亥
2023-05-06	6	甲子
2023-05-07	0	乙丑
2023-05-08	1	丙寅
2023-05-09	2	丁卯
2023-05-10	3	戊辰
2023-05-11	4	己巳
2023-05-12	5	庚午
2023-05-13	6	辛未
2023-05-14	0	壬申
2023-05-15	1	癸酉
2023-05-16	2	甲戌
2023-05-17	3	乙亥
2023-05-18	4	丙子
2023-05-19	5	丁丑
2023-05-20	6	戊寅
2023-05-21	0	己卯
2023-05-22	1	庚辰
2023-05-23	2	辛巳
2023-05-24	3	壬午
2023-05-25	4	癸未
2023-05-26	5	甲申
2023-05-27	6	乙酉
2023-05-28	0	丙戌
2023-05-29	1	丁亥
2023-05-30	2	戊子
2023-05-31	3	己丑
2023-06-01	4	庚寅
2023-06-02	5	辛卯
2023-06-03	6	壬辰
2023-06-04	0	癸巳
2023-06-05	1	甲午
2023-06-06	2	乙未
2023-06-07	3	丙申
2023-06-08	4	丁酉
2023-06-09	5	戊戌
2023-06-10	6	己亥
2023-06-11	0	庚子
2023-06-12	1	辛丑
2023-06-13	2	壬寅
2023-06-14	3	癸卯
2023-06-15	4	甲辰
2023-06-16	5	乙巳
2023-06-17	6	丙午
2023-06-18	0	丁未
2023-06-19	1	戊申
2023-06-20	2	己酉
2023-06-21	3	庚戌
2023-06-22	4	辛亥
2023-06-23	5	壬子
2023-06-24	6	癸丑
2023-06-25	0	甲寅
2023-06-26	1	乙卯
2023-06-27	2	丙辰
2023-06-28	3	丁巳
2023-06-29	4	戊午
2023-06-30	5	己未
2023-07-01	6	庚申
2023-07-02	0	辛酉
2023-07-03	1	壬戌
2023-07-04	2	癸亥
2023-07-05	3	甲子
2023-07-06	4	乙丑
2023-07-07	5	丙寅
2023-07-08	6	丁卯
2023-07-09	0	戊辰
2023-07-10	1	己巳
2023-07-11	2	庚午
2023-07-12	3	辛未
2023-07-13	4	壬申
2023-07-14	5	癸酉
2023-07-15	6	甲戌
2023-07-16	0	乙亥
2023-07-17	1	丙子
2023-07-18	2	丁丑
2023-07-19	3	戊寅
2023-07-20	4	己卯
2023-07-21	5	庚辰
2023-07-22	6	辛巳
2023-07-23	0	壬午
2023-07-24	1	癸未
2023-07-25	2	甲申
2023-07-26	3	乙酉
2023-07-27	4	丙戌
2023-07-28	5	丁亥
2023-07-29	6	戊子
2023-07-30	0	己丑
2023-07-31	1	庚寅
2023-08-01	2	辛卯
2023-08-02	3	壬辰
2023-08-03	4	癸巳
2023-08-04	5	甲午
2023-08-05	6	乙未
2023-08-06	0	丙申
2023-08-07	1	丁酉
2023-08-08	2	戊戌
2023-08-09	3	己亥
2023-08-10	4	庚子
2023-08-11	5	辛丑
2023-08-12	6	壬寅
2023-08-13	0	癸卯
2023-08-14	1	甲辰
2023-08-15	2	乙巳
2023-08-16	3	丙午
2023-08-17	4	丁未
2023-08-18	5	戊申
2023-08-19	6	己酉
2023-08-20	0	庚戌
2023-08-21	1	辛亥
2023-08-22	2	壬子
2023-08-23	3	癸丑
2023-08-24	4	甲寅
2023-08-25	5	乙卯
2023-08-26	6	丙辰
2023-08-27	0	丁巳
2023-08-28	1	戊午
2023-08-29	2	己未
2023-08-30	3	庚申
2023-08-31	4	辛酉
2023-09-01	5	壬戌
2023-09-02	6	癸亥
2023-09-03	0	甲子
2023-09-04	1	乙丑
2023-09-05	2	丙寅
2023-09-06	3	丁卯
2023-09-07	4	戊辰
2023-09-08	5	己巳
2023-09-09	6	庚午
2023-09-10	0	辛未
2023-09-11	1	壬申
2023-09-12	2	癸酉
2023-09-13	3	甲戌
2023-09-14	4	乙亥
2023-09-15	5	丙子
2023-09-16	6	丁丑
2023-09-17	0	戊寅
2023-09-18	1	己卯
2023-09-19	2	庚辰
2023-09-20	3	辛巳
2023-09-21	4	壬午
2023-09-22	5	癸未
2023-09-23	6	甲申
2023-09-24	0	乙酉
2023-09-25	1	丙戌
2023-09-26	2	丁亥
2023-09-27	3	戊子
2023-09-28	4	己丑
2023-09-29	5	庚寅
2023-09-30	6	辛卯
2023-10-01	0	壬辰
2023-10-02	1	癸巳
2023-10-03	2	甲午
2023-10-04	3	乙未
2023-10-05	4	丙申
2023-10-06	5	丁酉
2023-10-07	6	戊戌
2023-10-08	0	己亥
2023-10-09	1	庚子
2023-10-10	2	辛丑
2023-10-11	3	壬寅
2023-10-12	4	癸卯
2023-10-13	5	甲辰
2023-10-14	6	乙巳
2023-10-15	0	丙午
2023-10-16	1	丁未
2023-10-17	2	戊申
2023-10-18	3	己酉
2023-10-19	4	庚戌
2023-10-20	5	辛亥
2023-10-21	6	壬子
2023-10-22	0	癸丑
2023-10-23	1	甲寅
2023-10-24	2	乙卯
2023-10-25	3	丙辰
2023-10-26	4	丁巳
2023-10-27	5	戊午
2023-10-28	6	己未
2023-10-29	0	庚申
2023-10-30	1	辛酉
2023-10-31	2	壬戌
2023-11-01	3	癸亥
2023-11-02	4	甲子
2023-11-03	5	乙丑
2023-11-04	6	丙寅
2023-11-05	0	丁卯
2023-11-06	1	戊辰
2023-11-07	2	己巳
2023-11-08	3	庚午
2023-11-09	4	辛未
2023-11-10	5	壬申
2023-11-11	6	癸酉
2023-11-12	0	甲戌
2023-11-13	1	乙亥
2023-11-14	2	丙子
2023-11-15	3	丁丑
2023-11-16	4	戊寅
2023-11-17	5	己卯
2023-11-18	6	庚辰
2023-11-19	0	辛巳
2023-11-20	1	壬午
2023-11-21	2	癸未
2023-11-22	3	甲申
2023-11-23	4	乙酉
2023-11-24	5	丙戌
2023-11-25	6	丁亥
2023-11-26	0	戊子
2023-11-27	1	己丑
2023-11-28	2	庚寅
2023-11-29	3	辛卯
2023-11-30	4	壬辰
2023-12-01	5	癸巳
2023-12-02	6	甲午
2023-12-03	0	乙未
2023-12-04	1	丙申
2023-12-05	2	丁酉
2023-12-06	3	戊戌
2023-12-07	4	己亥
2023-12-08	5	庚子
2023-12-09	6	辛丑
2023-12-10	0	壬寅
2023-12-11	1	癸卯
2023-12-12	2	甲辰
2023-12-13	3	乙巳
2023-12-14	4	丙午
2023-12-15	5	丁未
2023-12-16	6	戊申
2023-12-17	0	己酉
2023-12-18	1	庚戌
2023-12-19	2	辛亥
2023-12-20	3	壬子
2023-12-21	4	癸丑
2023-12-22	5	甲寅
2023-12-23	6	乙卯
2023-12-24	0	丙辰
2023-12-25	1	丁巳
2023-12-26	2	戊午
2023-12-27	3	己未
2023-12-28	4	庚申
2023-12-29	5	辛酉
2023-12-30	6	壬戌
2023-12-31	0	癸亥
