2027-01-01	5	庚辰
2027-01-02	6	辛巳
2027-01-03	0	壬午
2027-01-04	1	癸未
2027-01-05	2	甲申
2027-01-06	3	乙酉
2027-01-07	4	丙戌
2027-01-08	5	丁亥
2027-01-09	6	戊子
2027-01-10	0	己丑
2027-01-11	1	庚寅
2027-01-12	2	辛卯
2027-01-13	3	壬辰
2027-01-14	4	癸巳
2027-01-15	5	甲午
2027-01-16	6	乙未
2027-01-17	0	丙申
2027-01-18	1	丁酉
2027-01-19	2	戊戌
2027-01-20	3	己亥
2027-01-21	4	庚子
2027-01-22	5	辛丑
2027-01-23	6	壬寅
2027-01-24	0	癸卯
2027-01-25	1	甲辰
2027-01-26	2	乙巳
2027-01-27	3	丙午
2027-01-28	4	丁未
2027-01-29	5	戊申
2027-01-30	6	己酉
2027-01-31	0	庚戌
2027-02-01	1	辛亥
2027-02-02	2	壬子
2027-02-03	3	癸丑
2027-02-04	4	甲寅
2027-02-05	5	乙卯
2027-02-06	6	丙辰
2027-02-07	0	丁巳
2027-02-08	1	戊午
2027-02-09	2	己未
2027-02-10	3	庚申
2027-02-11	4	辛酉
2027-02-12	5	壬戌
2027-02-13	6	癸亥
2027-02-14	0	甲子
2027-02-15	1	乙丑
2027-02-16	2	丙寅
2027-02-17	3	丁卯
2027-02-18	4	戊辰
2027-02-19	5	己巳
2027-02-20	6	庚午
2027-02-21	0	辛未
2027-02-22	1	壬申
2027-02-23	2	癸酉
2027-02-24	3	甲戌
2027-02-25	4	乙亥
2027-02-26	5	丙子
2027-02-27	6	丁丑
2027-02-28	0	戊寅
2027-03-01	1	己卯
2027-03-02	2	庚辰
2027-03-03	3	辛巳
2027-03-04	4	壬午
2027-03-05	5	癸未
2027-03-06	6	甲申
2027-03-07	0	乙酉
2027-03-08	1	丙戌
2027-03-09	2	丁亥
2027-03-10	3	戊子
2027-03-11	4	己丑
2027-03-12	5	庚寅
2027-03-13	6	辛卯
2027-03-14	0	壬辰
2027-03-15	1	癸巳
2027-03-16	2	甲午
2027-03-17	3	乙未
2027-03-18	4	丙申
2027-03-19	5	丁酉
2027-03-20	6	戊戌
2027-03-21	0	己亥
2027-03-22	1	庚子
2027-03-23	2	辛丑
2027-03-24	3	壬寅
2027-03-25	4	癸卯
2027-03-26	5	甲辰
2027-03-27	6	乙巳
2027-03-28	0	丙午
2027-03-29	1	丁未
2027-03-30	2	戊申
2027-03-31	3	己酉
2027-04-01	4	庚戌
2027-04-02	5	辛亥
2027-04-03	6	壬子
2027-04-04	0	癸丑
2027-04-05	1	甲寅
2027-04-06	2	乙卯
2027-04-07	3	丙辰
2027-04-08	4	丁巳
2027-04-09	5	戊午
2027-04-10	6	己未
2027-04-11	0	庚申
2027-04-12	1	辛酉
2027-04-13	2	壬戌
2027-04-14	3	癸亥
2027-04-15	4	甲子
2027-04-16	5	乙丑
2027-04-17	6	丙寅
2027-04-18	0	丁卯
2027-04-19	1	戊辰
2027-04-20	2	己巳
2027-04-21	3	庚午
2027-04-22	4	辛未
2027-04-23	5	壬申
2027-04-24	6	癸酉
2027-04-25	0	甲戌
2027-04-26	1	乙亥
2027-04-27	2	丙子
2027-04-28	3	丁丑
2027-04-29	4	戊寅
2027-04-30	5	己卯
2027-05-01	6	庚辰
2027-05-02	0	辛巳
2027-05-03	1	壬午
2027-05-04	2	癸未
2027-05-05	3	甲申
2027-05-06	4	乙酉
2027-05-07	5	丙戌
2027-05-08	6	丁亥
2027-05-09	0	戊子
2027-05-10	1	己丑
2027-05-11	2	庚寅
2027-05-12	3	辛卯
2027-05-13	4	壬辰
2027-05-14	5	癸巳
2027-05-15	6	甲午
2027-05-16	0	乙未
2027-05-17	1	丙申
2027-05-18	2	丁酉
2027-05-19	3	戊戌
2027-05-20	4	己亥
2027-05-21	5	庚子
2027-05-22	6	辛丑
2027-05-23	0	壬寅
2027-05-24	1	癸卯
2027-05-25	2	甲辰
2027-05-26	3	乙巳
2027-05-27	4	丙午
2027-05-28	5	丁未
2027-05-29	6	戊申
2027-05-30	0	己酉
2027-05-31	1	庚戌
2027-06-01	2	辛亥
2027-06-02	3	壬子
2027-06-03	4	癸丑
2027-06-04	5	甲寅
2027-06-05	6	乙卯
2027-06-06	0	丙辰
2027-06-07	1	丁巳
2027-06-08	2	戊午
2027-06-09	3	己未
2027-06-10	4	庚申
2027-06-11	5	辛酉
2027-06-12	6	壬戌
2027-06-13	0	癸亥
2027-06-14	1	甲子
2027-06-15	2	乙丑
2027-06-16	3	丙寅
2027-06-17	4	丁卯
2027-06-18	5	戊辰
2027-06-19	6	己巳
2027-06-20	0	庚午
2027-06-21	1	辛未
2027-06-22	2	壬申
2027-06-23	3	癸酉
2027-06-24	4	甲戌
2027-06-25	5	乙亥
2027-06-26	6	丙子
2027-06-27	0	丁丑
2027-06-28	1	戊寅
2027-06-29	2	己卯
2027-06-30	3	庚辰
2027-07-01	4	辛巳
2027-07-02	5	壬午
2027-07-03	6	癸未
2027-07-04	0	甲申
2027-07-05	1	乙酉
2027-07-06	2	丙戌
2027-07-07	3	丁亥
2027-07-08	4	戊子
2027-07-09	5	己丑
2027-07-10	6	庚寅
2027-07-11	0	辛卯
2027-07-12	1	壬辰
2027-07-13	2	癸巳
2027-07-14	3	甲午
2027-07-15	4	乙未
2027-07-16	5	丙申
2027-07-17	6	丁酉
2027-07-18	0	戊戌
2027-07-19	1	己亥
2027-07-20	2	庚子
2027-07-21	3	辛丑
2027-07-22	4	壬寅
2027-07-23	5	癸卯
2027-07-24	6	甲辰
2027-07-25	0	乙巳
2027-07-26	1	丙午
2027-07-27	2	丁未
2027-07-28	3	戊申
2027-07-29	4	己酉
2027-07-30	5	庚戌
2027-07-31	6	辛亥
2027-08-01	0	壬子
2027-08-02	1	癸丑
2027-08-03	2	甲寅
2027-08-04	3	乙卯
2027-08-05	4	丙辰
2027-08-06	5	丁巳
2027-08-07	6	戊午
2027-08-08	0	己未
2027-08-09	1	庚申
2027-08-10	2	辛酉
2027-08-11	3	壬戌
2027-08-12	4	癸亥
2027-08-13	5	甲子
2027-08-14	6	乙丑
2027-08-15	0	丙寅
2027-08-16	1	丁卯
2027-08-17	2	戊辰
2027-08-18	3	己巳
2027-08-19	4	庚午
2027-08-20	5	辛未
2027-08-21	6	壬申
2027-08-22	0	癸酉
2027-08-23	1	甲戌
2027-08-24	2	乙亥
2027-08-25	3	丙子
2027-08-26	4	丁丑
2027-08-27	5	戊寅
2027-08-28	6	己卯
2027-08-29	0	庚辰
2027-08-30	1	辛巳
2027-08-31	2	壬午
2027-09-01	3	癸未
2027-09-02	4	甲申
2027-09-03	5	乙酉
2027-09-04	6	丙戌
2027-09-05	0	丁亥
2027-09-06	1	戊子
2027-09-07	2	己丑
2027-09-08	3	庚寅
2027-09-09	4	辛卯
2027-09-10	5	壬辰
2027-09-11	6	癸巳
2027-09-12	0	甲午
2027-09-13	1	乙未
2027-09-14	2	丙申
2027-09-15	3	丁酉
2027-09-16	4	戊戌
2027-09-17	5	己亥
2027-09-18	6	庚子
2027-09-19	0	辛丑
2027-09-20	1	壬寅
2027-09-21	2	癸卯
2027-09-22	3	甲辰
2027-09-23	4	乙巳
2027-09-24	5	丙午
2027-09-25	6	丁未
2027-09-26	0	戊申
2027-09-27	1	己酉
2027-09-28	2	庚戌
2027-09-29	3	辛亥
2027-09-30	4	壬子
2027-10-01	5	癸丑
2027-10-02	6	甲寅
2027-10-03	0	乙卯
2027-10-04	1	丙辰
2027-10-05	2	丁巳
2027-10-06	3	戊午
2027-10-07	4	己未
2027-10-08	5	庚申
2027-10-09	6	辛酉
2027-10-10	0	壬戌
2027-10-11	1	癸亥
2027-10-12	2	甲子
2027-10-13	3	乙丑
2027-10-14	4	丙寅
2027-10-15	5	丁卯
2027-10-16	6	戊辰
2027-10-17	0	己巳
2027-10-18	1	庚午
2027-10-19	2	辛未
2027-10-20	3	壬申
2027-10-21	4	癸酉
2027-10-22	5	甲戌
2027-10-23	6	乙亥
2027-10-24	0	丙子
2027-10-25	1	丁丑
2027-10-26	2	戊寅
2027-10-27	3	己卯
2027-10-28	4	庚辰
2027-10-29	5	辛巳
2027-10-30	6	壬午
2027-10-31	0	癸未
2027-11-01	1	甲申
2027-11-02	2	乙酉
2027-11-03	3	丙戌
2027-11-04	4	丁亥
2027-11-05	5	戊子
2027-11-06	6	己丑
2027-11-07	0	庚寅
2027-11-08	1	辛卯
2027-11-09	2	壬辰
2027-11-10	3	癸巳
2027-11-11	4	甲午
2027-11-12	5	乙未
2027-11-13	6	丙申
2027-11-14	0	丁酉
2027-11-15	1	戊戌
2027-11-16	2	己亥
2027-11-17	3	庚子
2027-11-18	4	辛丑
2027-11-19	5	壬寅
2027-11-20	6	癸卯
2027-11-21	0	甲辰
2027-11-22	1	乙巳
2027-11-23	2	丙午
2027-11-24	3	丁未
2027-11-25	4	戊申
2027-11-26	5	己酉
2027-11-27	6	庚戌
2027-11-28	0	辛亥
2027-11-29	1	壬子
2027-11-30	2	癸丑
2027-12-01	3	甲寅
2027-12-02	4	乙卯
2027-12-03	5	丙辰
2027-12-04	6	丁巳
2027-12-05	0	戊午
2027-12-06	1	己未
2027-12-07	2	庚申
2027-12-08	3	辛酉
2027-12-09	4	壬戌
2027-12-10	5	癸亥
2027-12-11	6	甲子
2027-12-12	0	乙丑
2027-12-13	1	丙寅
2027-12-14	2	丁卯
2027-12-15	3	戊辰
2027-12-16	4	己巳
2027-12-17	5	庚午
2027-12-18	6	辛未
2027-12-19	0	壬申
2027-12-20	1	癸酉
2027-12-21	2	甲戌
2027-12-22	3	乙亥
2027-12-23	4	丙子
2027-12-24	5	丁丑
2027-12-25	6	戊寅
2027-12-26	0	己卯
2027-12-27	1	庚辰
2027-12-28	2	辛巳
2027-12-29	3	壬午
2027-12-30	4	癸未
2027-12-31	5	甲申
