2029-01-01	1	辛卯
2029-01-02	2	壬辰
2029-01-03	3	癸巳
2029-01-04	4	甲午
2029-01-05	5	乙未
2029-01-06	6	丙申
2029-01-07	0	丁酉
2029-01-08	1	戊戌
2029-01-09	2	己亥
2029-01-10	3	庚子
2029-01-11	4	辛丑
2029-01-12	5	壬寅
2029-01-13	6	癸卯
2029-01-14	0	甲辰
2029-01-15	1	乙巳
2029-01-16	2	丙午
2029-01-17	3	丁未
2029-01-18	4	戊申
2029-01-19	5	己酉
2029-01-20	6	庚戌
2029-01-21	0	辛亥
2029-01-22	1	壬子
2029-01-23	2	癸丑
2029-01-24	3	甲寅
2029-01-25	4	乙卯
2029-01-26	5	丙辰
2029-01-27	6	丁巳
2029-01-28	0	戊午
2029-01-29	1	己未
2029-01-30	2	庚申
2029-01-31	3	辛酉
2029-02-01	4	壬戌
2029-02-02	5	癸亥
2029-02-03	6	甲子
2029-02-04	0	乙丑
2029-02-05	1	丙寅
2029-02-06	2	丁卯
2029-02-07	3	戊辰
2029-02-08	4	己巳
2029-02-09	5	庚午
2029-02-10	6	辛未
2029-02-11	0	壬申
2029-02-12	1	癸酉
2029-02-13	2	甲戌
2029-02-14	3	乙亥
2029-02-15	4	丙子
2029-02-16	5	丁丑
2029-02-17	6	戊寅
2029-02-18	0	己卯
2029-02-19	1	庚辰
2029-02-20	2	辛巳
2029-02-21	3	壬午
2029-02-22	4	癸未
2029-02-23	5	甲申
2029-02-24	6	乙酉
2029-02-25	0	丙戌
2029-02-26	1	丁亥
2029-02-27	2	戊子
2029-02-28	3	己丑
2029-03-01	4	庚寅
2029-03-02	5	辛卯
2029-03-03	6	壬辰
2029-03-04	0	癸巳
2029-03-05	1	甲午
2029-03-06	2	乙未
2029-03-07	3	丙申
2029-03-08	4	丁酉
2029-03-09	5	戊戌
2029-03-10	6	己亥
2029-03-11	0	庚子
2029-03-12	1	辛丑
2029-03-13	2	壬寅
2029-03-14	3	癸卯
2029-03-15	4	甲辰
2029-03-16	5	乙巳
2029-03-17	6	丙午
2029-03-18	0	丁未
2029-03-19	1	戊申
2029-03-20	2	己酉
2029-03-21	3	庚戌
2029-03-22	4	辛亥
2029-03-23	5	壬子
2029-03-24	6	癸丑
2029-03-25	0	甲寅
2029-03-26	1	乙卯
2029-03-27	2	丙辰
2029-03-28	3	丁巳
2029-03-29	4	戊午
2029-03-30	5	己未
2029-03-31	6	庚申
2029-04-01	0	辛酉
2029-04-02	1	壬戌
2029-04-03	2	癸亥
2029-04-04	3	甲子
2029-04-05	4	乙丑
2029-04-06	5	丙寅
2029-04-07	6	丁卯
2029-04-08	0	戊辰
2029-04-09	1	己巳
2029-04-10	2	庚午
2029-04-11	3	辛未
2029-04-12	4	壬申
2029-04-13	5	癸酉
2029-04-14	6	甲戌
2029-04-15	0	乙亥
2029-04-16	1	丙子
2029-04-17	2	丁丑
2029-04-18	3	戊寅
2029-04-19	4	己卯
2029-04-20	5	庚辰
2029-04-21	6	辛巳
2029-04-22	0	壬午
2029-04-23	1	癸未
2029-04-24	2	甲申
2029-04-25	3	乙酉
2029-04-26	4	丙戌
2029-04-27	5	丁亥
2029-04-28	6	戊子
2029-04-29	0	己丑
2029-04-30	1	庚寅
2029-05-01	2	辛卯
2029-05-02	3	壬辰
2029-05-03	4	癸巳
2029-05-04	5	甲午
2029-05-05	6	乙未
2029-05-06	0	丙申
2029-05-07	1	丁酉
2029-05-08	2	戊戌
2029-05-09	3	己亥
2029-05-10	4	庚子
2029-05-11	5	辛丑
2029-05-12	6	壬寅
2029-05-13	0	癸卯
2029-05-14	1	甲辰
2029-05-15	2	乙巳
2029-05-16	3	丙午
2029-05-17	4	丁未
2029-05-18	5	戊申
2029-05-19	6	己酉
2029-05-20	0	庚戌
2029-05-21	1	辛亥
2029-05-22	2	壬子
2029-05-23	3	癸丑
2029-05-24	4	甲寅
2029-05-25	5	乙卯
2029-05-26	6	丙辰
2029-05-27	0	丁巳
2029-05-28	1	戊午
2029-05-29	2	己未
2029-05-30	3	庚申
2029-05-31	4	辛酉
2029-06-01	5	壬戌
2029-06-02	6	癸亥
2029-06-03	0	甲子
2029-06-04	1	乙丑
2029-06-05	2	丙寅
2029-06-06	3	丁卯
2029-06-07	4	戊辰
2029-06-08	5	己巳
2029-06-09	6	庚午
2029-06-10	0	辛未
2029-06-11	1	壬申
2029-06-12	2	癸酉
2029-06-13	3	甲戌
2029-06-14	4	乙亥
2029-06-15	5	丙子
2029-06-16	6	丁丑
2029-06-17	0	戊寅
2029-06-18	1	己卯
2029-06-19	2	庚辰
2029-06-20	3	辛巳
2029-06-21	4	壬午
2029-06-22	5	癸未
2029-06-23	6	甲申
2029-06-24	0	乙酉
2029-06-25	1	丙戌
2029-06-26	2	丁亥
2029-06-27	3	戊子
2029-06-28	4	己丑
2029-06-29	5	庚寅
2029-06-30	6	辛卯
2029-07-01	0	壬辰
2029-07-02	1	癸巳
2029-07-03	2	甲午
2029-07-04	3	乙未
2029-07-05	4	丙申
2029-07-06	5	丁酉
2029-07-07	6	戊戌
2029-07-08	0	己亥
2029-07-09	1	庚子
2029-07-10	2	辛丑
2029-07-11	3	壬寅
2029-07-12	4	癸卯
2029-07-13	5	甲辰
2029-07-14	6	乙巳
2029-07-15	0	丙午
2029-07-16	1	丁未
2029-07-17	2	戊申
2029-07-18	3	己酉
2029-07-19	4	庚戌
2029-07-20	5	辛亥
2029-07-21	6	壬子
2029-07-22	0	癸丑
2029-07-23	1	甲寅
2029-07-24	2	乙卯
2029-07-25	3	丙辰
2029-07-26	4	丁巳
2029-07-27	5	戊午
2029-07-28	6	己未
2029-07-29	0	庚申
2029-07-30	1	辛酉
2029-07-31	2	壬戌
2029-08-01	3	癸亥
2029-08-02	4	甲子
2029-08-03	5	乙丑
2029-08-04	6	丙寅
2029-08-05	0	丁卯
2029-08-06	1	戊辰
2029-08-07	2	己巳
2029-08-08	3	庚午
2029-08-09	4	辛未
2029-08-10	5	壬申
2029-08-11	6	癸酉
2029-08-12	0	甲戌
2029-08-13	1	乙亥
2029-08-14	2	丙子
2029-08-15	3	丁丑
2029-08-16	4	戊寅
2029-08-17	5	己卯
2029-08-18	6	庚辰
2029-08-19	0	辛巳
2029-08-20	1	壬午
2029-08-21	2	癸未
2029-08-22	3	甲申
2029-08-23	4	乙酉
2029-08-24	5	丙戌
2029-08-25	6	丁亥
2029-08-26	0	戊子
2029-08-27	1	己丑
2029-08-28	2	庚寅
2029-08-29	3	辛卯
2029-08-30	4	壬辰
2029-08-31	5	癸巳
2029-09-01	6	甲午
2029-09-02	0	乙未
2029-09-03	1	丙申
2029-09-04	2	丁酉
2029-09-05	3	戊戌
2029-09-06	4	己亥
2029-09-07	5	庚子
2029-09-08	6	辛丑
2029-09-09	0	壬寅
2029-09-10	1	癸卯
2029-09-11	2	甲辰
2029-09-12	3	乙巳
2029-09-13	4	丙午
2029-09-14	5	丁未
2029-09-15	6	戊申
2029-09-16	0	己酉
2029-09-17	1	庚戌
2029-09-18	2	辛亥
2029-09-19	3	壬子
2029-09-20	4	癸丑
2029-09-21	5	甲寅
2029-09-22	6	乙卯
2029-09-23	0	丙辰
2029-09-24	1	丁巳
2029-09-25	2	戊午
2029-09-26	3	己未
2029-09-27	4	庚申
2029-09-28	5	辛酉
2029-09-29	6	壬戌
2029-09-30	0	癸亥
2029-10-01	1	甲子
2029-10-02	2	乙丑
2029-10-03	3	丙寅
2029-10-04	4	丁卯
2029-10-05	5	戊辰
2029-10-06	6	己巳
2029-10-07	0	庚午
2029-10-08	1	辛未
2029-10-09	2	壬申
2029-10-10	3	癸酉
2029-10-11	4	甲戌
2029-10-12	5	乙亥
2029-10-13	6	丙子
2029-10-14	0	丁丑
2029-10-15	1	戊寅
2029-10-16	2	己卯
2029-10-17	3	庚辰
2029-10-18	4	辛巳
2029-10-19	5	壬午
2029-10-20	6	癸未
2029-10-21	0	甲申
2029-10-22	1	乙酉
2029-10-23	2	丙戌
2029-10-24	3	丁亥
2029-10-25	4	戊子
2029-10-26	5	己丑
2029-10-27	6	庚寅
2029-10-28	0	辛卯
2029-10-29	1	壬辰
2029-10-30	2	癸巳
2029-10-31	3	甲午
2029-11-01	4	乙未
2029-11-02	5	丙申
2029-11-03	6	丁酉
2029-11-04	0	戊戌
2029-11-05	1	己亥
2029-11-06	2	庚子
2029-11-07	3	辛丑
2029-11-08	4	壬寅
2029-11-09	5	癸卯
2029-11-10	6	甲辰
2029-11-11	0	乙巳
2029-11-12	1	丙午
2029-11-13	2	丁未
2029-11-14	3	戊申
2029-11-15	4	己酉
2029-11-16	5	庚戌
2029-11-17	6	辛亥
2029-11-18	0	壬子
2029-11-19	1	癸丑
2029-11-20	2	甲寅
2029-11-21	3	乙卯
2029-11-22	4	丙辰
2029-11-23	5	丁巳
2029-11-24	6	戊午
2029-11-25	0	己未
2029-11-26	1	庚申
2029-11-27	2	辛酉
2029-11-28	3	壬戌
2029-11-29	4	癸亥
2029-11-30	5	甲子
2029-12-01	6	乙丑
2029-12-02	0	丙寅
2029-12-03	1	丁卯
2029-12-04	2	戊辰
2029-12-05	3	己巳
2029-12-06	4	庚午
2029-12-07	5	辛未
2029-12-08	6	壬申
2029-12-09	0	癸酉
2029-12-10	1	甲戌
2029-12-11	2	乙亥
2029-12-12	3	丙子
2029-12-13	4	丁丑
2029-12-14	5	戊寅
2029-12-15	6	己卯
2029-12-16	0	庚辰
2029-12-17	1	辛巳
2029-12-18	2	壬午
2029-12-19	3	癸未
2029-12-20	4	甲申
2029-12-21	5	乙酉
2029-12-22	6	丙戌
2029-12-23	0	丁亥
2029-12-24	1	戊子
2029-12-25	2	己丑
2029-12-26	3	庚寅
2029-12-27	4	辛卯
2029-12-28	5	壬辰
2029-12-29	6	癸巳
2029-12-30	0	甲午
2029-12-31	1	乙未
