2025-01-03	5	壬申
2025-01-05	0	甲戌
2025-01-06	1	乙亥
2025-01-10	5	己卯
2025-01-11	6	庚辰
2025-01-15	3	甲申
2025-01-16	4	乙酉
2025-01-17	5	丙戌
2025-01-18	6	丁亥
2025-01-25	6	甲午
2025-01-26	0	乙未
2025-01-30	4	己亥
2025-02-02	0	壬寅
2025-02-03	1	癸卯
2025-02-05	3	乙巳
2025-02-07	5	丁未
2025-02-09	0	己酉
2025-02-14	5	甲寅
2025-02-15	6	乙卯
2025-02-20	4	庚申
2025-02-24	1	甲子
2025-02-25	2	乙丑
2025-02-27	4	丁卯
2025-02-28	5	戊辰
2025-03-01	6	己巳
2025-03-04	2	壬申
2025-03-06	4	甲戌
2025-03-07	5	乙亥
2025-03-11	2	己卯
2025-03-12	3	庚辰
2025-03-16	0	甲申
2025-03-17	1	乙酉
2025-03-18	2	丙戌
2025-03-19	3	丁亥
2025-03-26	3	甲午
2025-03-27	4	乙未
2025-03-31	1	己亥
2025-04-03	4	壬寅
2025-04-04	5	癸卯
2025-04-06	0	乙巳
2025-04-08	2	丁未
2025-04-10	4	己酉
2025-04-15	2	甲寅
2025-04-16	3	乙卯
2025-04-21	1	庚申
2025-04-25	5	甲子
2025-04-26	6	乙丑
2025-04-28	1	丁卯
2025-04-29	2	戊辰
2025-04-30	3	己巳
2025-05-03	6	壬申
2025-05-05	1	甲戌
2025-05-06	2	乙亥
2025-05-10	6	己卯
2025-05-11	0	庚辰
2025-05-15	4	甲申
2025-05-16	5	乙酉
2025-05-17	6	丙戌
2025-05-18	0	丁亥
2025-05-25	0	甲午
2025-05-26	1	乙未
2025-05-30	5	己亥
2025-06-02	1	壬寅
2025-06-03	2	癸卯
2025-06-05	4	乙巳
2025-06-07	6	丁未
2025-06-09	1	己酉
2025-06-14	6	甲寅
2025-06-15	0	乙卯
2025-06-20	5	庚申
2025-06-24	2	甲子
2025-06-25	3	乙丑
2025-06-27	5	丁卯
2025-06-28	6	戊辰
2025-06-29	0	己巳
2025-07-02	3	壬申
2025-07-04	5	甲戌
2025-07-05	6	乙亥
2025-07-09	3	己卯
2025-07-10	4	庚辰
2025-07-14	1	甲申
2025-07-15	2	乙酉
2025-07-16	3	丙戌
2025-07-17	4	丁亥
2025-07-24	4	甲午
2025-07-25	5	乙未
2025-07-29	2	己亥
2025-08-01	5	壬寅
2025-08-02	6	癸卯
2025-08-04	1	乙巳
2025-08-06	3	丁未
2025-08-08	5	己酉
2025-08-13	3	甲寅
2025-08-14	4	乙卯
2025-08-19	2	庚申
2025-08-23	6	甲子
2025-08-24	0	乙丑
2025-08-26	2	丁卯
2025-08-27	3	戊辰
2025-08-28	4	己巳
2025-08-31	0	壬申
2025-09-02	2	甲戌
2025-09-03	3	乙亥
2025-09-07	0	己卯
2025-09-08	1	庚辰
2025-09-12	5	甲申
2025-09-13	6	乙酉
2025-09-14	0	丙戌
2025-09-15	1	丁亥
2025-09-22	1	甲午
2025-09-23	2	乙未
2025-09-27	6	己亥
2025-09-30	2	壬寅
2025-10-01	3	癸卯
2025-10-03	5	乙巳
2025-10-05	0	丁未
2025-10-07	2	己酉
2025-10-12	0	甲寅
2025-10-13	1	乙卯
2025-10-18	6	庚申
2025-10-22	3	甲子
2025-10-23	4	乙丑
2025-10-25	6	丁卯
2025-10-26	0	戊辰
2025-10-27	1	己巳
2025-10-30	4	壬申
2025-11-01	6	甲戌
2025-11-02	0	乙亥
2025-11-06	4	己卯
2025-11-07	5	庚辰
2025-11-11	2	甲申
2025-11-12	3	乙酉
2025-11-13	4	丙戌
2025-11-14	5	丁亥
2025-11-21	5	甲午
2025-11-22	6	乙未
2025-11-26	3	己亥
2025-11-29	6	壬寅
2025-11-30	0	癸卯
2025-12-02	2	乙巳
2025-12-04	4	丁未
2025-12-06	6	己酉
2025-12-11	4	甲寅
2025-12-12	5	乙卯
2025-12-17	3	庚申
2025-12-21	0	甲子
2025-12-22	1	乙丑
2025-12-24	3	丁卯
2025-12-25	4	戊辰
2025-12-26	5	己巳
2025-12-29	1	壬申
2025-12-31	3	甲戌
